2022-06-28 15:43:25,266 INFO o.a.j.u.JMeterUtils: Setting Locale to en_EN
2022-06-28 15:43:25,283 INFO o.a.j.JMeter: Loading user properties from: C:\Program Files\apache-jmeter-5.4.3\bin\user.properties
2022-06-28 15:43:25,283 INFO o.a.j.JMeter: Loading system properties from: C:\Program Files\apache-jmeter-5.4.3\bin\system.properties
2022-06-28 15:43:25,291 INFO o.a.j.JMeter: Copyright (c) 1998-2021 The Apache Software Foundation
2022-06-28 15:43:25,291 INFO o.a.j.JMeter: Version 5.4.3
2022-06-28 15:43:25,291 INFO o.a.j.JMeter: java.version=11.0.14
2022-06-28 15:43:25,291 INFO o.a.j.JMeter: java.vm.name=OpenJDK 64-Bit Server VM
2022-06-28 15:43:25,291 INFO o.a.j.JMeter: os.name=Windows 10
2022-06-28 15:43:25,291 INFO o.a.j.JMeter: os.arch=amd64
2022-06-28 15:43:25,291 INFO o.a.j.JMeter: os.version=10.0
2022-06-28 15:43:25,291 INFO o.a.j.JMeter: file.encoding=Cp1252
2022-06-28 15:43:25,292 INFO o.a.j.JMeter: java.awt.headless=true
2022-06-28 15:43:25,292 INFO o.a.j.JMeter: Max memory     =1073741824
2022-06-28 15:43:25,292 INFO o.a.j.JMeter: Available Processors =8
2022-06-28 15:43:25,299 INFO o.a.j.JMeter: Default Locale=English (EN)
2022-06-28 15:43:25,299 INFO o.a.j.JMeter: JMeter  Locale=English (EN)
2022-06-28 15:43:25,299 INFO o.a.j.JMeter: JMeterHome=C:\Program Files\apache-jmeter-5.4.3
2022-06-28 15:43:25,299 INFO o.a.j.JMeter: user.dir  =C:\Users\jervilla\Desktop\Projects\java-reactive-demo
2022-06-28 15:43:25,299 INFO o.a.j.JMeter: PWD       =C:\Users\jervilla\Desktop\Projects\java-reactive-demo
2022-06-28 15:43:25,302 INFO o.a.j.JMeter: IP: 192.168.1.2 Name: WKWCO1721533 FullName: WKWCO1721533.global.publicisgroupe.net
2022-06-28 15:43:25,378 INFO o.a.j.JMeter: Setting property 'jmeter.reportgenerator.outputdir' to:'C:\Users\jervilla\Desktop\Projects\java-reactive-demo\.\results'
2022-06-28 15:43:25,380 INFO o.a.j.s.FileServer: Default base='C:\Users\jervilla\Desktop\Projects\java-reactive-demo'
2022-06-28 15:43:25,380 INFO o.a.j.s.FileServer: Set new base='C:\Users\jervilla\Desktop\Projects\java-reactive-demo\.'
2022-06-28 15:43:25,532 INFO o.a.j.s.SaveService: Testplan (JMX) version: 2.2. Testlog (JTL) version: 2.2
2022-06-28 15:43:25,546 INFO o.a.j.s.SaveService: Using SaveService properties version 5.0
2022-06-28 15:43:25,549 INFO o.a.j.s.SaveService: Using SaveService properties file encoding UTF-8
2022-06-28 15:43:25,552 INFO o.a.j.s.SaveService: Loading file: .\PerformanceTestPlan.jmx
2022-06-28 15:43:25,592 INFO o.a.j.p.h.s.HTTPSamplerBase: Parser for text/html is org.apache.jmeter.protocol.http.parser.LagartoBasedHtmlParser
2022-06-28 15:43:25,593 INFO o.a.j.p.h.s.HTTPSamplerBase: Parser for application/xhtml+xml is org.apache.jmeter.protocol.http.parser.LagartoBasedHtmlParser
2022-06-28 15:43:25,593 INFO o.a.j.p.h.s.HTTPSamplerBase: Parser for application/xml is org.apache.jmeter.protocol.http.parser.LagartoBasedHtmlParser
2022-06-28 15:43:25,593 INFO o.a.j.p.h.s.HTTPSamplerBase: Parser for text/xml is org.apache.jmeter.protocol.http.parser.LagartoBasedHtmlParser
2022-06-28 15:43:25,593 INFO o.a.j.p.h.s.HTTPSamplerBase: Parser for text/vnd.wap.wml is org.apache.jmeter.protocol.http.parser.RegexpHTMLParser
2022-06-28 15:43:25,593 INFO o.a.j.p.h.s.HTTPSamplerBase: Parser for text/css is org.apache.jmeter.protocol.http.parser.CssParser
2022-06-28 15:43:25,616 INFO o.a.j.JMeter: Creating summariser <summary>
2022-06-28 15:43:25,621 INFO o.a.j.r.d.ReportGenerator: ReportGenerator will use for Parsing the separator: ','
2022-06-28 15:43:25,621 INFO o.a.j.r.d.ReportGenerator: Will generate report at end of test from  results file: PerformanceTestPlan.jtl
2022-06-28 15:43:25,621 INFO o.a.j.r.d.ReportGenerator: Reading report generator properties from: C:\Program Files\apache-jmeter-5.4.3\bin\reportgenerator.properties
2022-06-28 15:43:25,622 INFO o.a.j.r.d.ReportGenerator: Merging with JMeter properties
2022-06-28 15:43:25,625 INFO o.a.j.r.c.ReportGeneratorConfiguration: Property 'jmeter.reportgenerator.temp_dir' not found, using default value 'temp' instead.
2022-06-28 15:43:25,628 INFO o.a.j.r.c.ReportGeneratorConfiguration: Property 'jmeter.reportgenerator.apdex_per_transaction' not found, using default value 'null' instead.
2022-06-28 15:43:25,628 INFO o.a.j.r.c.ReportGeneratorConfiguration: apdex_per_transaction is empty, not APDEX per transaction customization
2022-06-28 15:43:25,628 INFO o.a.j.r.c.ReportGeneratorConfiguration: Property 'jmeter.reportgenerator.sample_filter' not found, using default value 'null' instead.
2022-06-28 15:43:25,628 INFO o.a.j.r.c.ReportGeneratorConfiguration: Property 'jmeter.reportgenerator.report_title' not found, using default value 'null' instead.
2022-06-28 15:43:25,628 INFO o.a.j.r.c.ReportGeneratorConfiguration: Property 'jmeter.reportgenerator.start_date' not found, using default value 'null' instead.
2022-06-28 15:43:25,628 INFO o.a.j.r.c.ReportGeneratorConfiguration: Property 'jmeter.reportgenerator.end_date' not found, using default value 'null' instead.
2022-06-28 15:43:25,629 INFO o.a.j.r.c.ReportGeneratorConfiguration: Property 'jmeter.reportgenerator.date_format' not found, using default value 'null' instead.
2022-06-28 15:43:25,629 INFO o.a.j.r.c.ReportGeneratorConfiguration: Will use date range start date: null, end date: null
2022-06-28 15:43:25,632 INFO o.a.j.r.c.ReportGeneratorConfiguration: Property 'jmeter.reportgenerator.graph.totalTPS.exclude_controllers' not found, using default value 'false' instead.
2022-06-28 15:43:25,632 INFO o.a.j.r.c.ReportGeneratorConfiguration: Property 'jmeter.reportgenerator.graph.activeThreadsOverTime.exclude_controllers' not found, using default value 'false' instead.
2022-06-28 15:43:25,632 INFO o.a.j.r.c.ReportGeneratorConfiguration: Property 'jmeter.reportgenerator.graph.timeVsThreads.exclude_controllers' not found, using default value 'false' instead.
2022-06-28 15:43:25,633 INFO o.a.j.r.c.ReportGeneratorConfiguration: Property 'jmeter.reportgenerator.graph.responseTimeDistribution.exclude_controllers' not found, using default value 'false' instead.
2022-06-28 15:43:25,633 INFO o.a.j.r.c.ReportGeneratorConfiguration: Property 'jmeter.reportgenerator.graph.transactionsPerSecond.exclude_controllers' not found, using default value 'false' instead.
2022-06-28 15:43:25,633 INFO o.a.j.r.c.ReportGeneratorConfiguration: Property 'jmeter.reportgenerator.graph.responseTimePercentiles.exclude_controllers' not found, using default value 'false' instead.
2022-06-28 15:43:25,633 INFO o.a.j.r.c.ReportGeneratorConfiguration: Property 'jmeter.reportgenerator.graph.responseTimePercentilesOverTime.exclude_controllers' not found, using default value 'false' instead.
2022-06-28 15:43:25,633 INFO o.a.j.r.c.ReportGeneratorConfiguration: Property 'jmeter.reportgenerator.graph.responseTimesOverTime.exclude_controllers' not found, using default value 'false' instead.
2022-06-28 15:43:25,633 INFO o.a.j.r.c.ReportGeneratorConfiguration: Property 'jmeter.reportgenerator.graph.connectTimeOverTime.exclude_controllers' not found, using default value 'false' instead.
2022-06-28 15:43:25,633 INFO o.a.j.r.c.ReportGeneratorConfiguration: Property 'jmeter.reportgenerator.graph.latenciesOverTime.exclude_controllers' not found, using default value 'false' instead.
2022-06-28 15:43:25,634 INFO o.a.j.r.c.ReportGeneratorConfiguration: Property 'jmeter.reportgenerator.exporter.json.filters_only_sample_series' not found, using default value 'true' instead.
2022-06-28 15:43:25,635 INFO o.a.j.r.c.ReportGeneratorConfiguration: Property 'jmeter.reportgenerator.exporter.json.series_filter' not found, using default value '' instead.
2022-06-28 15:43:25,635 INFO o.a.j.r.c.ReportGeneratorConfiguration: Property 'jmeter.reportgenerator.exporter.json.show_controllers_only' not found, using default value 'false' instead.
2022-06-28 15:43:25,635 INFO o.a.j.r.c.ReportGeneratorConfiguration: Property 'jmeter.reportgenerator.exporter.html.filters_only_sample_series' not found, using default value 'true' instead.
2022-06-28 15:43:25,635 INFO o.a.j.r.c.ReportGeneratorConfiguration: Property 'jmeter.reportgenerator.exporter.html.series_filter' not found, using default value '' instead.
2022-06-28 15:43:25,635 INFO o.a.j.r.c.ReportGeneratorConfiguration: Property 'jmeter.reportgenerator.exporter.html.show_controllers_only' not found, using default value 'false' instead.
2022-06-28 15:43:25,639 INFO o.a.j.e.StandardJMeterEngine: Running the test!
2022-06-28 15:43:25,640 INFO o.a.j.s.SampleEvent: List of sample_variables: []
2022-06-28 15:43:25,640 INFO o.a.j.s.SampleEvent: List of sample_variables: []
2022-06-28 15:43:25,649 INFO o.a.j.e.u.CompoundVariable: Note: Function class names must contain the string: '.functions.'
2022-06-28 15:43:25,649 INFO o.a.j.e.u.CompoundVariable: Note: Function class names must not contain the string: '.gui.'
2022-06-28 15:43:25,910 INFO o.a.j.JMeter: Running test (1656449005910)
2022-06-28 15:43:25,924 INFO o.a.j.e.StandardJMeterEngine: Starting ThreadGroup: 1 : Spring Reactive
2022-06-28 15:43:25,925 INFO o.a.j.e.StandardJMeterEngine: Starting 100 threads for group Spring Reactive.
2022-06-28 15:43:25,925 INFO o.a.j.e.StandardJMeterEngine: Thread will continue on error
2022-06-28 15:43:25,925 INFO o.a.j.t.ThreadGroup: Starting thread group... number=1 threads=100 ramp-up=0 delayedStart=true
2022-06-28 15:43:25,926 INFO o.a.j.t.ThreadGroup: Started thread group number 1
2022-06-28 15:43:25,927 INFO o.a.j.e.StandardJMeterEngine: Waiting for thread group: Spring Reactive to finish before starting next group
2022-06-28 15:43:25,937 INFO o.a.j.t.JMeterThread: Thread started: Spring Reactive 1-3
2022-06-28 15:43:25,937 INFO o.a.j.t.JMeterThread: Thread started: Spring Reactive 1-2
2022-06-28 15:43:25,937 INFO o.a.j.t.JMeterThread: Thread started: Spring Reactive 1-1
2022-06-28 15:43:25,937 INFO o.a.j.t.JMeterThread: Thread started: Spring Reactive 1-4
2022-06-28 15:43:25,937 INFO o.a.j.t.JMeterThread: Thread started: Spring Reactive 1-5
2022-06-28 15:43:25,938 INFO o.a.j.t.JMeterThread: Thread started: Spring Reactive 1-6
2022-06-28 15:43:25,939 INFO o.a.j.t.JMeterThread: Thread started: Spring Reactive 1-7
2022-06-28 15:43:25,939 INFO o.a.j.t.JMeterThread: Thread started: Spring Reactive 1-8
2022-06-28 15:43:25,940 INFO o.a.j.t.JMeterThread: Thread started: Spring Reactive 1-9
2022-06-28 15:43:25,942 INFO o.a.j.t.JMeterThread: Thread started: Spring Reactive 1-10
2022-06-28 15:43:25,943 INFO o.a.j.t.JMeterThread: Thread started: Spring Reactive 1-11
2022-06-28 15:43:25,944 INFO o.a.j.t.JMeterThread: Thread started: Spring Reactive 1-12
2022-06-28 15:43:25,945 INFO o.a.j.t.JMeterThread: Thread started: Spring Reactive 1-13
2022-06-28 15:43:25,946 INFO o.a.j.t.JMeterThread: Thread started: Spring Reactive 1-14
2022-06-28 15:43:25,947 INFO o.a.j.t.JMeterThread: Thread started: Spring Reactive 1-15
2022-06-28 15:43:25,947 INFO o.a.j.t.JMeterThread: Thread started: Spring Reactive 1-16
2022-06-28 15:43:25,948 INFO o.a.j.t.JMeterThread: Thread started: Spring Reactive 1-17
2022-06-28 15:43:25,948 INFO o.a.j.t.JMeterThread: Thread started: Spring Reactive 1-18
2022-06-28 15:43:25,949 INFO o.a.j.t.JMeterThread: Thread started: Spring Reactive 1-19
2022-06-28 15:43:25,949 INFO o.a.j.t.JMeterThread: Thread started: Spring Reactive 1-20
2022-06-28 15:43:25,950 INFO o.a.j.t.JMeterThread: Thread started: Spring Reactive 1-21
2022-06-28 15:43:25,950 INFO o.a.j.t.JMeterThread: Thread started: Spring Reactive 1-22
2022-06-28 15:43:25,951 INFO o.a.j.t.JMeterThread: Thread started: Spring Reactive 1-23
2022-06-28 15:43:25,952 INFO o.a.j.t.JMeterThread: Thread started: Spring Reactive 1-24
2022-06-28 15:43:25,952 INFO o.a.j.t.JMeterThread: Thread started: Spring Reactive 1-25
2022-06-28 15:43:25,954 INFO o.a.j.t.JMeterThread: Thread started: Spring Reactive 1-26
2022-06-28 15:43:25,954 INFO o.a.j.t.JMeterThread: Thread started: Spring Reactive 1-27
2022-06-28 15:43:25,955 INFO o.a.j.t.JMeterThread: Thread started: Spring Reactive 1-28
2022-06-28 15:43:25,955 INFO o.a.j.t.JMeterThread: Thread started: Spring Reactive 1-29
2022-06-28 15:43:25,956 INFO o.a.j.t.JMeterThread: Thread started: Spring Reactive 1-30
2022-06-28 15:43:25,957 INFO o.a.j.t.JMeterThread: Thread started: Spring Reactive 1-31
2022-06-28 15:43:25,957 INFO o.a.j.t.JMeterThread: Thread started: Spring Reactive 1-32
2022-06-28 15:43:25,958 INFO o.a.j.t.JMeterThread: Thread started: Spring Reactive 1-33
2022-06-28 15:43:25,958 INFO o.a.j.t.JMeterThread: Thread started: Spring Reactive 1-34
2022-06-28 15:43:25,959 INFO o.a.j.t.JMeterThread: Thread started: Spring Reactive 1-35
2022-06-28 15:43:25,960 INFO o.a.j.t.JMeterThread: Thread started: Spring Reactive 1-36
2022-06-28 15:43:25,960 INFO o.a.j.t.JMeterThread: Thread started: Spring Reactive 1-37
2022-06-28 15:43:25,961 INFO o.a.j.t.JMeterThread: Thread started: Spring Reactive 1-38
2022-06-28 15:43:25,961 INFO o.a.j.t.JMeterThread: Thread started: Spring Reactive 1-39
2022-06-28 15:43:25,962 INFO o.a.j.t.JMeterThread: Thread started: Spring Reactive 1-40
2022-06-28 15:43:25,963 INFO o.a.j.t.JMeterThread: Thread started: Spring Reactive 1-41
2022-06-28 15:43:25,964 INFO o.a.j.t.JMeterThread: Thread started: Spring Reactive 1-42
2022-06-28 15:43:25,965 INFO o.a.j.t.JMeterThread: Thread started: Spring Reactive 1-43
2022-06-28 15:43:25,966 INFO o.a.j.p.h.s.HTTPHCAbstractImpl: Local host = WKWCO1721533
2022-06-28 15:43:25,965 INFO o.a.j.t.JMeterThread: Thread started: Spring Reactive 1-44
2022-06-28 15:43:25,966 INFO o.a.j.t.JMeterThread: Thread started: Spring Reactive 1-45
2022-06-28 15:43:25,967 INFO o.a.j.t.JMeterThread: Thread started: Spring Reactive 1-46
2022-06-28 15:43:25,967 INFO o.a.j.t.JMeterThread: Thread started: Spring Reactive 1-47
2022-06-28 15:43:25,970 INFO o.a.j.t.JMeterThread: Thread started: Spring Reactive 1-48
2022-06-28 15:43:25,971 INFO o.a.j.t.JMeterThread: Thread started: Spring Reactive 1-50
2022-06-28 15:43:25,971 INFO o.a.j.t.JMeterThread: Thread started: Spring Reactive 1-49
2022-06-28 15:43:25,972 INFO o.a.j.t.JMeterThread: Thread started: Spring Reactive 1-52
2022-06-28 15:43:25,972 INFO o.a.j.t.JMeterThread: Thread started: Spring Reactive 1-53
2022-06-28 15:43:25,972 INFO o.a.j.t.JMeterThread: Thread started: Spring Reactive 1-51
2022-06-28 15:43:25,973 INFO o.a.j.t.JMeterThread: Thread started: Spring Reactive 1-54
2022-06-28 15:43:25,973 INFO o.a.j.t.JMeterThread: Thread started: Spring Reactive 1-55
2022-06-28 15:43:25,974 INFO o.a.j.t.JMeterThread: Thread started: Spring Reactive 1-56
2022-06-28 15:43:25,976 INFO o.a.j.t.JMeterThread: Thread started: Spring Reactive 1-57
2022-06-28 15:43:25,976 INFO o.a.j.t.JMeterThread: Thread started: Spring Reactive 1-58
2022-06-28 15:43:25,977 INFO o.a.j.t.JMeterThread: Thread started: Spring Reactive 1-59
2022-06-28 15:43:25,977 INFO o.a.j.p.h.s.HTTPHC4Impl: HTTP request retry count = 0
2022-06-28 15:43:25,978 INFO o.a.j.t.JMeterThread: Thread started: Spring Reactive 1-60
2022-06-28 15:43:25,979 INFO o.a.j.t.JMeterThread: Thread started: Spring Reactive 1-61
2022-06-28 15:43:25,980 INFO o.a.j.s.SampleResult: Note: Sample TimeStamps are START times
2022-06-28 15:43:25,980 INFO o.a.j.s.SampleResult: sampleresult.default.encoding is set to ISO-8859-1
2022-06-28 15:43:25,981 INFO o.a.j.s.SampleResult: sampleresult.useNanoTime=true
2022-06-28 15:43:25,981 INFO o.a.j.s.SampleResult: sampleresult.nanoThreadSleep=5000
2022-06-28 15:43:25,981 INFO o.a.j.t.JMeterThread: Thread started: Spring Reactive 1-63
2022-06-28 15:43:25,981 INFO o.a.j.t.JMeterThread: Thread started: Spring Reactive 1-62
2022-06-28 15:43:25,981 INFO o.a.j.t.JMeterThread: Thread started: Spring Reactive 1-64
2022-06-28 15:43:25,981 INFO o.a.j.t.JMeterThread: Thread started: Spring Reactive 1-65
2022-06-28 15:43:25,982 INFO o.a.j.t.JMeterThread: Thread started: Spring Reactive 1-67
2022-06-28 15:43:25,982 INFO o.a.j.t.JMeterThread: Thread started: Spring Reactive 1-66
2022-06-28 15:43:25,984 INFO o.a.j.t.JMeterThread: Thread started: Spring Reactive 1-68
2022-06-28 15:43:25,985 INFO o.a.j.t.JMeterThread: Thread started: Spring Reactive 1-69
2022-06-28 15:43:25,985 INFO o.a.j.t.JMeterThread: Thread started: Spring Reactive 1-70
2022-06-28 15:43:25,986 INFO o.a.j.t.JMeterThread: Thread started: Spring Reactive 1-72
2022-06-28 15:43:25,986 INFO o.a.j.t.JMeterThread: Thread started: Spring Reactive 1-71
2022-06-28 15:43:25,988 INFO o.a.j.t.JMeterThread: Thread started: Spring Reactive 1-73
2022-06-28 15:43:25,989 INFO o.a.j.t.JMeterThread: Thread started: Spring Reactive 1-74
2022-06-28 15:43:25,990 INFO o.a.j.t.JMeterThread: Thread started: Spring Reactive 1-75
2022-06-28 15:43:25,990 INFO o.a.j.t.JMeterThread: Thread started: Spring Reactive 1-77
2022-06-28 15:43:25,991 INFO o.a.j.t.JMeterThread: Thread started: Spring Reactive 1-76
2022-06-28 15:43:25,992 INFO o.a.j.t.JMeterThread: Thread started: Spring Reactive 1-78
2022-06-28 15:43:25,992 INFO o.a.j.t.JMeterThread: Thread started: Spring Reactive 1-79
2022-06-28 15:43:25,993 INFO o.a.j.t.JMeterThread: Thread started: Spring Reactive 1-80
2022-06-28 15:43:25,994 INFO o.a.j.t.JMeterThread: Thread started: Spring Reactive 1-81
2022-06-28 15:43:25,995 INFO o.a.j.t.JMeterThread: Thread started: Spring Reactive 1-82
2022-06-28 15:43:25,996 INFO o.a.j.t.JMeterThread: Thread started: Spring Reactive 1-83
2022-06-28 15:43:25,997 INFO o.a.j.t.JMeterThread: Thread started: Spring Reactive 1-84
2022-06-28 15:43:25,997 INFO o.a.j.t.JMeterThread: Thread started: Spring Reactive 1-85
2022-06-28 15:43:25,998 INFO o.a.j.t.JMeterThread: Thread started: Spring Reactive 1-86
2022-06-28 15:43:25,998 INFO o.a.j.t.JMeterThread: Thread started: Spring Reactive 1-87
2022-06-28 15:43:25,999 INFO o.a.j.t.JMeterThread: Thread started: Spring Reactive 1-88
2022-06-28 15:43:26,001 INFO o.a.j.t.JMeterThread: Thread started: Spring Reactive 1-89
2022-06-28 15:43:26,001 INFO o.a.j.t.JMeterThread: Thread started: Spring Reactive 1-90
2022-06-28 15:43:26,002 INFO o.a.j.t.JMeterThread: Thread started: Spring Reactive 1-91
2022-06-28 15:43:26,002 INFO o.a.j.t.JMeterThread: Thread started: Spring Reactive 1-92
2022-06-28 15:43:26,003 INFO o.a.j.t.JMeterThread: Thread started: Spring Reactive 1-93
2022-06-28 15:43:26,004 INFO o.a.j.t.JMeterThread: Thread started: Spring Reactive 1-94
2022-06-28 15:43:26,004 INFO o.a.j.t.JMeterThread: Thread started: Spring Reactive 1-95
2022-06-28 15:43:26,005 INFO o.a.j.t.JMeterThread: Thread started: Spring Reactive 1-96
2022-06-28 15:43:26,006 INFO o.a.j.t.JMeterThread: Thread started: Spring Reactive 1-97
2022-06-28 15:43:26,011 INFO o.a.j.t.JMeterThread: Thread started: Spring Reactive 1-98
2022-06-28 15:43:26,011 INFO o.a.j.t.JMeterThread: Thread started: Spring Reactive 1-100
2022-06-28 15:43:26,011 INFO o.a.j.t.JMeterThread: Thread started: Spring Reactive 1-99
2022-06-28 15:43:30,006 INFO o.a.j.r.Summariser: summary +    528 in 00:00:04 =  128.9/s Avg:   682 Min:   216 Max:  1262 Err:     0 (0.00%) Active: 100 Started: 100 Finished: 0
2022-06-28 15:43:32,413 INFO o.a.j.t.JMeterThread: Thread is done: Spring Reactive 1-5
2022-06-28 15:43:32,413 INFO o.a.j.t.JMeterThread: Thread finished: Spring Reactive 1-5
2022-06-28 15:43:32,419 INFO o.a.j.t.JMeterThread: Thread is done: Spring Reactive 1-11
2022-06-28 15:43:32,419 INFO o.a.j.t.JMeterThread: Thread finished: Spring Reactive 1-11
2022-06-28 15:43:32,423 INFO o.a.j.t.JMeterThread: Thread is done: Spring Reactive 1-4
2022-06-28 15:43:32,423 INFO o.a.j.t.JMeterThread: Thread finished: Spring Reactive 1-4
2022-06-28 15:43:32,428 INFO o.a.j.t.JMeterThread: Thread is done: Spring Reactive 1-13
2022-06-28 15:43:32,428 INFO o.a.j.t.JMeterThread: Thread finished: Spring Reactive 1-13
2022-06-28 15:43:32,435 INFO o.a.j.t.JMeterThread: Thread is done: Spring Reactive 1-74
2022-06-28 15:43:32,435 INFO o.a.j.t.JMeterThread: Thread finished: Spring Reactive 1-74
2022-06-28 15:43:32,441 INFO o.a.j.t.JMeterThread: Thread is done: Spring Reactive 1-9
2022-06-28 15:43:32,441 INFO o.a.j.t.JMeterThread: Thread finished: Spring Reactive 1-9
2022-06-28 15:43:32,447 INFO o.a.j.t.JMeterThread: Thread is done: Spring Reactive 1-36
2022-06-28 15:43:32,447 INFO o.a.j.t.JMeterThread: Thread finished: Spring Reactive 1-36
2022-06-28 15:43:32,453 INFO o.a.j.t.JMeterThread: Thread is done: Spring Reactive 1-35
2022-06-28 15:43:32,453 INFO o.a.j.t.JMeterThread: Thread finished: Spring Reactive 1-35
2022-06-28 15:43:32,466 INFO o.a.j.t.JMeterThread: Thread is done: Spring Reactive 1-75
2022-06-28 15:43:32,466 INFO o.a.j.t.JMeterThread: Thread finished: Spring Reactive 1-75
2022-06-28 15:43:32,471 INFO o.a.j.t.JMeterThread: Thread is done: Spring Reactive 1-21
2022-06-28 15:43:32,472 INFO o.a.j.t.JMeterThread: Thread finished: Spring Reactive 1-21
2022-06-28 15:43:32,478 INFO o.a.j.t.JMeterThread: Thread is done: Spring Reactive 1-32
2022-06-28 15:43:32,478 INFO o.a.j.t.JMeterThread: Thread finished: Spring Reactive 1-32
2022-06-28 15:43:32,484 INFO o.a.j.t.JMeterThread: Thread is done: Spring Reactive 1-17
2022-06-28 15:43:32,485 INFO o.a.j.t.JMeterThread: Thread finished: Spring Reactive 1-17
2022-06-28 15:43:32,490 INFO o.a.j.t.JMeterThread: Thread is done: Spring Reactive 1-93
2022-06-28 15:43:32,490 INFO o.a.j.t.JMeterThread: Thread finished: Spring Reactive 1-93
2022-06-28 15:43:32,496 INFO o.a.j.t.JMeterThread: Thread is done: Spring Reactive 1-89
2022-06-28 15:43:32,497 INFO o.a.j.t.JMeterThread: Thread finished: Spring Reactive 1-89
2022-06-28 15:43:32,502 INFO o.a.j.t.JMeterThread: Thread is done: Spring Reactive 1-41
2022-06-28 15:43:32,502 INFO o.a.j.t.JMeterThread: Thread finished: Spring Reactive 1-41
2022-06-28 15:43:32,507 INFO o.a.j.t.JMeterThread: Thread is done: Spring Reactive 1-69
2022-06-28 15:43:32,507 INFO o.a.j.t.JMeterThread: Thread finished: Spring Reactive 1-69
2022-06-28 15:43:32,519 INFO o.a.j.t.JMeterThread: Thread is done: Spring Reactive 1-37
2022-06-28 15:43:32,519 INFO o.a.j.t.JMeterThread: Thread finished: Spring Reactive 1-37
2022-06-28 15:43:32,524 INFO o.a.j.t.JMeterThread: Thread is done: Spring Reactive 1-25
2022-06-28 15:43:32,524 INFO o.a.j.t.JMeterThread: Thread finished: Spring Reactive 1-25
2022-06-28 15:43:32,530 INFO o.a.j.t.JMeterThread: Thread is done: Spring Reactive 1-73
2022-06-28 15:43:32,531 INFO o.a.j.t.JMeterThread: Thread finished: Spring Reactive 1-73
2022-06-28 15:43:32,535 INFO o.a.j.t.JMeterThread: Thread is done: Spring Reactive 1-31
2022-06-28 15:43:32,535 INFO o.a.j.t.JMeterThread: Thread finished: Spring Reactive 1-31
2022-06-28 15:43:32,540 INFO o.a.j.t.JMeterThread: Thread is done: Spring Reactive 1-38
2022-06-28 15:43:32,540 INFO o.a.j.t.JMeterThread: Thread finished: Spring Reactive 1-38
2022-06-28 15:43:32,545 INFO o.a.j.t.JMeterThread: Thread is done: Spring Reactive 1-86
2022-06-28 15:43:32,546 INFO o.a.j.t.JMeterThread: Thread finished: Spring Reactive 1-86
2022-06-28 15:43:32,551 INFO o.a.j.t.JMeterThread: Thread is done: Spring Reactive 1-58
2022-06-28 15:43:32,551 INFO o.a.j.t.JMeterThread: Thread finished: Spring Reactive 1-58
2022-06-28 15:43:32,556 INFO o.a.j.t.JMeterThread: Thread is done: Spring Reactive 1-72
2022-06-28 15:43:32,556 INFO o.a.j.t.JMeterThread: Thread finished: Spring Reactive 1-72
2022-06-28 15:43:32,568 INFO o.a.j.t.JMeterThread: Thread is done: Spring Reactive 1-68
2022-06-28 15:43:32,568 INFO o.a.j.t.JMeterThread: Thread finished: Spring Reactive 1-68
2022-06-28 15:43:32,574 INFO o.a.j.t.JMeterThread: Thread is done: Spring Reactive 1-83
2022-06-28 15:43:32,574 INFO o.a.j.t.JMeterThread: Thread finished: Spring Reactive 1-83
2022-06-28 15:43:32,584 INFO o.a.j.t.JMeterThread: Thread is done: Spring Reactive 1-81
2022-06-28 15:43:32,584 INFO o.a.j.t.JMeterThread: Thread finished: Spring Reactive 1-81
2022-06-28 15:43:32,590 INFO o.a.j.t.JMeterThread: Thread is done: Spring Reactive 1-24
2022-06-28 15:43:32,590 INFO o.a.j.t.JMeterThread: Thread finished: Spring Reactive 1-24
2022-06-28 15:43:32,596 INFO o.a.j.t.JMeterThread: Thread is done: Spring Reactive 1-85
2022-06-28 15:43:32,597 INFO o.a.j.t.JMeterThread: Thread finished: Spring Reactive 1-85
2022-06-28 15:43:32,602 INFO o.a.j.t.JMeterThread: Thread is done: Spring Reactive 1-28
2022-06-28 15:43:32,602 INFO o.a.j.t.JMeterThread: Thread finished: Spring Reactive 1-28
2022-06-28 15:43:32,607 INFO o.a.j.t.JMeterThread: Thread is done: Spring Reactive 1-87
2022-06-28 15:43:32,607 INFO o.a.j.t.JMeterThread: Thread finished: Spring Reactive 1-87
2022-06-28 15:43:32,612 INFO o.a.j.t.JMeterThread: Thread is done: Spring Reactive 1-51
2022-06-28 15:43:32,613 INFO o.a.j.t.JMeterThread: Thread finished: Spring Reactive 1-51
2022-06-28 15:43:32,625 INFO o.a.j.t.JMeterThread: Thread is done: Spring Reactive 1-47
2022-06-28 15:43:32,625 INFO o.a.j.t.JMeterThread: Thread finished: Spring Reactive 1-47
2022-06-28 15:43:32,631 INFO o.a.j.t.JMeterThread: Thread is done: Spring Reactive 1-10
2022-06-28 15:43:32,631 INFO o.a.j.t.JMeterThread: Thread finished: Spring Reactive 1-10
2022-06-28 15:43:32,637 INFO o.a.j.t.JMeterThread: Thread is done: Spring Reactive 1-91
2022-06-28 15:43:32,637 INFO o.a.j.t.JMeterThread: Thread finished: Spring Reactive 1-91
2022-06-28 15:43:32,643 INFO o.a.j.t.JMeterThread: Thread is done: Spring Reactive 1-62
2022-06-28 15:43:32,643 INFO o.a.j.t.JMeterThread: Thread finished: Spring Reactive 1-62
2022-06-28 15:43:32,649 INFO o.a.j.t.JMeterThread: Thread is done: Spring Reactive 1-59
2022-06-28 15:43:32,649 INFO o.a.j.t.JMeterThread: Thread finished: Spring Reactive 1-59
2022-06-28 15:43:32,655 INFO o.a.j.t.JMeterThread: Thread is done: Spring Reactive 1-15
2022-06-28 15:43:32,655 INFO o.a.j.t.JMeterThread: Thread finished: Spring Reactive 1-15
2022-06-28 15:43:32,661 INFO o.a.j.t.JMeterThread: Thread is done: Spring Reactive 1-46
2022-06-28 15:43:32,661 INFO o.a.j.t.JMeterThread: Thread finished: Spring Reactive 1-46
2022-06-28 15:43:32,667 INFO o.a.j.t.JMeterThread: Thread is done: Spring Reactive 1-66
2022-06-28 15:43:32,667 INFO o.a.j.t.JMeterThread: Thread finished: Spring Reactive 1-66
2022-06-28 15:43:32,678 INFO o.a.j.t.JMeterThread: Thread is done: Spring Reactive 1-34
2022-06-28 15:43:32,678 INFO o.a.j.t.JMeterThread: Thread finished: Spring Reactive 1-34
2022-06-28 15:43:32,684 INFO o.a.j.t.JMeterThread: Thread is done: Spring Reactive 1-22
2022-06-28 15:43:32,684 INFO o.a.j.t.JMeterThread: Thread finished: Spring Reactive 1-22
2022-06-28 15:43:32,690 INFO o.a.j.t.JMeterThread: Thread is done: Spring Reactive 1-88
2022-06-28 15:43:32,690 INFO o.a.j.t.JMeterThread: Thread finished: Spring Reactive 1-88
2022-06-28 15:43:32,696 INFO o.a.j.t.JMeterThread: Thread is done: Spring Reactive 1-52
2022-06-28 15:43:32,697 INFO o.a.j.t.JMeterThread: Thread finished: Spring Reactive 1-52
2022-06-28 15:43:32,704 INFO o.a.j.t.JMeterThread: Thread is done: Spring Reactive 1-39
2022-06-28 15:43:32,704 INFO o.a.j.t.JMeterThread: Thread finished: Spring Reactive 1-39
2022-06-28 15:43:32,709 INFO o.a.j.t.JMeterThread: Thread is done: Spring Reactive 1-30
2022-06-28 15:43:32,709 INFO o.a.j.t.JMeterThread: Thread finished: Spring Reactive 1-30
2022-06-28 15:43:32,714 INFO o.a.j.t.JMeterThread: Thread is done: Spring Reactive 1-100
2022-06-28 15:43:32,714 INFO o.a.j.t.JMeterThread: Thread finished: Spring Reactive 1-100
2022-06-28 15:43:32,720 INFO o.a.j.t.JMeterThread: Thread is done: Spring Reactive 1-99
2022-06-28 15:43:32,720 INFO o.a.j.t.JMeterThread: Thread finished: Spring Reactive 1-99
2022-06-28 15:43:32,732 INFO o.a.j.t.JMeterThread: Thread is done: Spring Reactive 1-8
2022-06-28 15:43:32,732 INFO o.a.j.t.JMeterThread: Thread finished: Spring Reactive 1-8
2022-06-28 15:43:32,736 INFO o.a.j.t.JMeterThread: Thread is done: Spring Reactive 1-64
2022-06-28 15:43:32,737 INFO o.a.j.t.JMeterThread: Thread finished: Spring Reactive 1-64
2022-06-28 15:43:32,741 INFO o.a.j.t.JMeterThread: Thread is done: Spring Reactive 1-3
2022-06-28 15:43:32,742 INFO o.a.j.t.JMeterThread: Thread finished: Spring Reactive 1-3
2022-06-28 15:43:32,747 INFO o.a.j.t.JMeterThread: Thread is done: Spring Reactive 1-80
2022-06-28 15:43:32,748 INFO o.a.j.t.JMeterThread: Thread finished: Spring Reactive 1-80
2022-06-28 15:43:32,753 INFO o.a.j.t.JMeterThread: Thread is done: Spring Reactive 1-78
2022-06-28 15:43:32,753 INFO o.a.j.t.JMeterThread: Thread finished: Spring Reactive 1-78
2022-06-28 15:43:32,758 INFO o.a.j.t.JMeterThread: Thread is done: Spring Reactive 1-1
2022-06-28 15:43:32,758 INFO o.a.j.t.JMeterThread: Thread finished: Spring Reactive 1-1
2022-06-28 15:43:32,764 INFO o.a.j.t.JMeterThread: Thread is done: Spring Reactive 1-2
2022-06-28 15:43:32,765 INFO o.a.j.t.JMeterThread: Thread finished: Spring Reactive 1-2
2022-06-28 15:43:32,770 INFO o.a.j.t.JMeterThread: Thread is done: Spring Reactive 1-60
2022-06-28 15:43:32,770 INFO o.a.j.t.JMeterThread: Thread finished: Spring Reactive 1-60
2022-06-28 15:43:32,781 INFO o.a.j.t.JMeterThread: Thread is done: Spring Reactive 1-20
2022-06-28 15:43:32,781 INFO o.a.j.t.JMeterThread: Thread finished: Spring Reactive 1-20
2022-06-28 15:43:32,786 INFO o.a.j.t.JMeterThread: Thread is done: Spring Reactive 1-77
2022-06-28 15:43:32,786 INFO o.a.j.t.JMeterThread: Thread finished: Spring Reactive 1-77
2022-06-28 15:43:32,792 INFO o.a.j.t.JMeterThread: Thread is done: Spring Reactive 1-33
2022-06-28 15:43:32,793 INFO o.a.j.t.JMeterThread: Thread finished: Spring Reactive 1-33
2022-06-28 15:43:32,797 INFO o.a.j.t.JMeterThread: Thread is done: Spring Reactive 1-94
2022-06-28 15:43:32,798 INFO o.a.j.t.JMeterThread: Thread finished: Spring Reactive 1-94
2022-06-28 15:43:32,803 INFO o.a.j.t.JMeterThread: Thread is done: Spring Reactive 1-27
2022-06-28 15:43:32,803 INFO o.a.j.t.JMeterThread: Thread finished: Spring Reactive 1-27
2022-06-28 15:43:32,809 INFO o.a.j.t.JMeterThread: Thread is done: Spring Reactive 1-42
2022-06-28 15:43:32,809 INFO o.a.j.t.JMeterThread: Thread finished: Spring Reactive 1-42
2022-06-28 15:43:32,814 INFO o.a.j.t.JMeterThread: Thread is done: Spring Reactive 1-43
2022-06-28 15:43:32,814 INFO o.a.j.t.JMeterThread: Thread finished: Spring Reactive 1-43
2022-06-28 15:43:32,819 INFO o.a.j.t.JMeterThread: Thread is done: Spring Reactive 1-76
2022-06-28 15:43:32,819 INFO o.a.j.t.JMeterThread: Thread finished: Spring Reactive 1-76
2022-06-28 15:43:32,829 INFO o.a.j.t.JMeterThread: Thread is done: Spring Reactive 1-70
2022-06-28 15:43:32,829 INFO o.a.j.t.JMeterThread: Thread finished: Spring Reactive 1-70
2022-06-28 15:43:32,835 INFO o.a.j.t.JMeterThread: Thread is done: Spring Reactive 1-19
2022-06-28 15:43:32,836 INFO o.a.j.t.JMeterThread: Thread finished: Spring Reactive 1-19
2022-06-28 15:43:32,841 INFO o.a.j.t.JMeterThread: Thread is done: Spring Reactive 1-56
2022-06-28 15:43:32,841 INFO o.a.j.t.JMeterThread: Thread finished: Spring Reactive 1-56
2022-06-28 15:43:32,847 INFO o.a.j.t.JMeterThread: Thread is done: Spring Reactive 1-57
2022-06-28 15:43:32,847 INFO o.a.j.t.JMeterThread: Thread finished: Spring Reactive 1-57
2022-06-28 15:43:32,853 INFO o.a.j.t.JMeterThread: Thread is done: Spring Reactive 1-50
2022-06-28 15:43:32,853 INFO o.a.j.t.JMeterThread: Thread finished: Spring Reactive 1-50
2022-06-28 15:43:32,858 INFO o.a.j.t.JMeterThread: Thread is done: Spring Reactive 1-61
2022-06-28 15:43:32,858 INFO o.a.j.t.JMeterThread: Thread finished: Spring Reactive 1-61
2022-06-28 15:43:32,863 INFO o.a.j.t.JMeterThread: Thread is done: Spring Reactive 1-53
2022-06-28 15:43:32,863 INFO o.a.j.t.JMeterThread: Thread finished: Spring Reactive 1-53
2022-06-28 15:43:32,870 INFO o.a.j.t.JMeterThread: Thread is done: Spring Reactive 1-16
2022-06-28 15:43:32,870 INFO o.a.j.t.JMeterThread: Thread finished: Spring Reactive 1-16
2022-06-28 15:43:32,875 INFO o.a.j.t.JMeterThread: Thread is done: Spring Reactive 1-44
2022-06-28 15:43:32,875 INFO o.a.j.t.JMeterThread: Thread finished: Spring Reactive 1-44
2022-06-28 15:43:32,880 INFO o.a.j.t.JMeterThread: Thread is done: Spring Reactive 1-92
2022-06-28 15:43:32,880 INFO o.a.j.t.JMeterThread: Thread finished: Spring Reactive 1-92
2022-06-28 15:43:32,885 INFO o.a.j.t.JMeterThread: Thread is done: Spring Reactive 1-6
2022-06-28 15:43:32,886 INFO o.a.j.t.JMeterThread: Thread finished: Spring Reactive 1-6
2022-06-28 15:43:32,891 INFO o.a.j.t.JMeterThread: Thread is done: Spring Reactive 1-71
2022-06-28 15:43:32,891 INFO o.a.j.t.JMeterThread: Thread finished: Spring Reactive 1-71
2022-06-28 15:43:32,896 INFO o.a.j.t.JMeterThread: Thread is done: Spring Reactive 1-14
2022-06-28 15:43:32,896 INFO o.a.j.t.JMeterThread: Thread finished: Spring Reactive 1-14
2022-06-28 15:43:32,902 INFO o.a.j.t.JMeterThread: Thread is done: Spring Reactive 1-40
2022-06-28 15:43:32,902 INFO o.a.j.t.JMeterThread: Thread finished: Spring Reactive 1-40
2022-06-28 15:43:32,907 INFO o.a.j.t.JMeterThread: Thread is done: Spring Reactive 1-67
2022-06-28 15:43:32,907 INFO o.a.j.t.JMeterThread: Thread finished: Spring Reactive 1-67
2022-06-28 15:43:32,912 INFO o.a.j.t.JMeterThread: Thread is done: Spring Reactive 1-23
2022-06-28 15:43:32,913 INFO o.a.j.t.JMeterThread: Thread finished: Spring Reactive 1-23
2022-06-28 15:43:32,918 INFO o.a.j.t.JMeterThread: Thread is done: Spring Reactive 1-26
2022-06-28 15:43:32,918 INFO o.a.j.t.JMeterThread: Thread finished: Spring Reactive 1-26
2022-06-28 15:43:32,923 INFO o.a.j.t.JMeterThread: Thread is done: Spring Reactive 1-65
2022-06-28 15:43:32,923 INFO o.a.j.t.JMeterThread: Thread finished: Spring Reactive 1-65
2022-06-28 15:43:32,929 INFO o.a.j.t.JMeterThread: Thread is done: Spring Reactive 1-63
2022-06-28 15:43:32,929 INFO o.a.j.t.JMeterThread: Thread finished: Spring Reactive 1-63
2022-06-28 15:43:32,935 INFO o.a.j.t.JMeterThread: Thread is done: Spring Reactive 1-90
2022-06-28 15:43:32,935 INFO o.a.j.t.JMeterThread: Thread finished: Spring Reactive 1-90
2022-06-28 15:43:32,941 INFO o.a.j.t.JMeterThread: Thread is done: Spring Reactive 1-95
2022-06-28 15:43:32,941 INFO o.a.j.t.JMeterThread: Thread finished: Spring Reactive 1-95
2022-06-28 15:43:32,946 INFO o.a.j.t.JMeterThread: Thread is done: Spring Reactive 1-54
2022-06-28 15:43:32,946 INFO o.a.j.t.JMeterThread: Thread finished: Spring Reactive 1-54
2022-06-28 15:43:32,951 INFO o.a.j.t.JMeterThread: Thread is done: Spring Reactive 1-45
2022-06-28 15:43:32,951 INFO o.a.j.t.JMeterThread: Thread finished: Spring Reactive 1-45
2022-06-28 15:43:32,956 INFO o.a.j.t.JMeterThread: Thread is done: Spring Reactive 1-7
2022-06-28 15:43:32,956 INFO o.a.j.t.JMeterThread: Thread finished: Spring Reactive 1-7
2022-06-28 15:43:32,961 INFO o.a.j.t.JMeterThread: Thread is done: Spring Reactive 1-96
2022-06-28 15:43:32,962 INFO o.a.j.t.JMeterThread: Thread finished: Spring Reactive 1-96
2022-06-28 15:43:32,966 INFO o.a.j.t.JMeterThread: Thread is done: Spring Reactive 1-84
2022-06-28 15:43:32,966 INFO o.a.j.t.JMeterThread: Thread finished: Spring Reactive 1-84
2022-06-28 15:43:32,971 INFO o.a.j.t.JMeterThread: Thread is done: Spring Reactive 1-97
2022-06-28 15:43:32,971 INFO o.a.j.t.JMeterThread: Thread finished: Spring Reactive 1-97
2022-06-28 15:43:32,975 INFO o.a.j.t.JMeterThread: Thread is done: Spring Reactive 1-18
2022-06-28 15:43:32,975 INFO o.a.j.t.JMeterThread: Thread finished: Spring Reactive 1-18
2022-06-28 15:43:32,979 INFO o.a.j.t.JMeterThread: Thread is done: Spring Reactive 1-29
2022-06-28 15:43:32,980 INFO o.a.j.t.JMeterThread: Thread finished: Spring Reactive 1-29
2022-06-28 15:43:32,983 INFO o.a.j.t.JMeterThread: Thread is done: Spring Reactive 1-98
2022-06-28 15:43:32,984 INFO o.a.j.t.JMeterThread: Thread finished: Spring Reactive 1-98
2022-06-28 15:43:32,987 INFO o.a.j.t.JMeterThread: Thread is done: Spring Reactive 1-55
2022-06-28 15:43:32,988 INFO o.a.j.t.JMeterThread: Thread finished: Spring Reactive 1-55
2022-06-28 15:43:32,992 INFO o.a.j.t.JMeterThread: Thread is done: Spring Reactive 1-79
2022-06-28 15:43:32,992 INFO o.a.j.t.JMeterThread: Thread finished: Spring Reactive 1-79
2022-06-28 15:43:32,996 INFO o.a.j.t.JMeterThread: Thread is done: Spring Reactive 1-49
2022-06-28 15:43:32,997 INFO o.a.j.t.JMeterThread: Thread finished: Spring Reactive 1-49
2022-06-28 15:43:33,000 INFO o.a.j.t.JMeterThread: Thread is done: Spring Reactive 1-82
2022-06-28 15:43:33,001 INFO o.a.j.t.JMeterThread: Thread finished: Spring Reactive 1-82
2022-06-28 15:43:33,006 INFO o.a.j.t.JMeterThread: Thread is done: Spring Reactive 1-48
2022-06-28 15:43:33,006 INFO o.a.j.t.JMeterThread: Thread finished: Spring Reactive 1-48
2022-06-28 15:43:33,010 INFO o.a.j.t.JMeterThread: Thread is done: Spring Reactive 1-12
2022-06-28 15:43:33,010 INFO o.a.j.t.JMeterThread: Thread finished: Spring Reactive 1-12
2022-06-28 15:43:33,010 INFO o.a.j.e.StandardJMeterEngine: Starting ThreadGroup: 2 : Quarkus
2022-06-28 15:43:33,011 INFO o.a.j.e.StandardJMeterEngine: Starting 100 threads for group Quarkus.
2022-06-28 15:43:33,011 INFO o.a.j.e.StandardJMeterEngine: Thread will continue on error
2022-06-28 15:43:33,011 INFO o.a.j.t.ThreadGroup: Starting thread group... number=2 threads=100 ramp-up=0 delayedStart=true
2022-06-28 15:43:33,011 INFO o.a.j.t.ThreadGroup: Started thread group number 2
2022-06-28 15:43:33,011 INFO o.a.j.e.StandardJMeterEngine: Waiting for thread group: Quarkus to finish before starting next group
2022-06-28 15:43:33,013 INFO o.a.j.t.JMeterThread: Thread started: Quarkus 2-1
2022-06-28 15:43:33,013 INFO o.a.j.t.JMeterThread: Thread started: Quarkus 2-2
2022-06-28 15:43:33,014 INFO o.a.j.t.JMeterThread: Thread started: Quarkus 2-3
2022-06-28 15:43:33,014 INFO o.a.j.t.JMeterThread: Thread started: Quarkus 2-4
2022-06-28 15:43:33,014 INFO o.a.j.t.JMeterThread: Thread started: Quarkus 2-5
2022-06-28 15:43:33,015 INFO o.a.j.t.JMeterThread: Thread started: Quarkus 2-6
2022-06-28 15:43:33,018 INFO o.a.j.t.JMeterThread: Thread started: Quarkus 2-7
2022-06-28 15:43:33,018 INFO o.a.j.t.JMeterThread: Thread started: Quarkus 2-8
2022-06-28 15:43:33,019 INFO o.a.j.t.JMeterThread: Thread started: Quarkus 2-9
2022-06-28 15:43:33,019 INFO o.a.j.t.JMeterThread: Thread started: Quarkus 2-10
2022-06-28 15:43:33,019 INFO o.a.j.t.JMeterThread: Thread started: Quarkus 2-11
2022-06-28 15:43:33,034 INFO o.a.j.t.JMeterThread: Thread started: Quarkus 2-12
2022-06-28 15:43:33,036 INFO o.a.j.t.JMeterThread: Thread started: Quarkus 2-13
2022-06-28 15:43:33,037 INFO o.a.j.t.JMeterThread: Thread started: Quarkus 2-16
2022-06-28 15:43:33,038 INFO o.a.j.t.JMeterThread: Thread started: Quarkus 2-14
2022-06-28 15:43:33,038 INFO o.a.j.t.JMeterThread: Thread started: Quarkus 2-17
2022-06-28 15:43:33,039 INFO o.a.j.t.JMeterThread: Thread started: Quarkus 2-15
2022-06-28 15:43:33,042 INFO o.a.j.t.JMeterThread: Thread started: Quarkus 2-28
2022-06-28 15:43:33,043 INFO o.a.j.t.JMeterThread: Thread started: Quarkus 2-20
2022-06-28 15:43:33,044 INFO o.a.j.t.JMeterThread: Thread started: Quarkus 2-19
2022-06-28 15:43:33,044 INFO o.a.j.t.JMeterThread: Thread started: Quarkus 2-21
2022-06-28 15:43:33,053 INFO o.a.j.t.JMeterThread: Thread started: Quarkus 2-24
2022-06-28 15:43:33,054 INFO o.a.j.t.JMeterThread: Thread started: Quarkus 2-25
2022-06-28 15:43:33,056 INFO o.a.j.t.JMeterThread: Thread started: Quarkus 2-22
2022-06-28 15:43:33,056 INFO o.a.j.t.JMeterThread: Thread started: Quarkus 2-23
2022-06-28 15:43:33,057 INFO o.a.j.t.JMeterThread: Thread started: Quarkus 2-26
2022-06-28 15:43:33,070 INFO o.a.j.t.JMeterThread: Thread started: Quarkus 2-43
2022-06-28 15:43:33,076 INFO o.a.j.t.JMeterThread: Thread started: Quarkus 2-29
2022-06-28 15:43:33,392 INFO o.a.j.t.JMeterThread: Thread started: Quarkus 2-94
2022-06-28 15:43:33,392 INFO o.a.j.t.JMeterThread: Thread started: Quarkus 2-90
2022-06-28 15:43:33,393 INFO o.a.j.t.JMeterThread: Thread started: Quarkus 2-82
2022-06-28 15:43:33,393 INFO o.a.j.t.JMeterThread: Thread started: Quarkus 2-81
2022-06-28 15:43:33,391 INFO o.a.j.t.JMeterThread: Thread started: Quarkus 2-93
2022-06-28 15:43:33,396 INFO o.a.j.t.JMeterThread: Thread started: Quarkus 2-78
2022-06-28 15:43:33,391 INFO o.a.j.t.JMeterThread: Thread started: Quarkus 2-98
2022-06-28 15:43:33,391 INFO o.a.j.t.JMeterThread: Thread started: Quarkus 2-97
2022-06-28 15:43:33,406 INFO o.a.j.t.JMeterThread: Thread started: Quarkus 2-77
2022-06-28 15:43:33,465 INFO o.a.j.t.JMeterThread: Thread started: Quarkus 2-37
2022-06-28 15:43:33,465 INFO o.a.j.t.JMeterThread: Thread started: Quarkus 2-39
2022-06-28 15:43:33,465 INFO o.a.j.t.JMeterThread: Thread started: Quarkus 2-40
2022-06-28 15:43:33,465 INFO o.a.j.t.JMeterThread: Thread started: Quarkus 2-46
2022-06-28 15:43:33,465 INFO o.a.j.t.JMeterThread: Thread started: Quarkus 2-47
2022-06-28 15:43:33,465 INFO o.a.j.t.JMeterThread: Thread started: Quarkus 2-48
2022-06-28 15:43:33,464 INFO o.a.j.t.JMeterThread: Thread started: Quarkus 2-44
2022-06-28 15:43:33,464 INFO o.a.j.t.JMeterThread: Thread started: Quarkus 2-49
2022-06-28 15:43:33,464 INFO o.a.j.t.JMeterThread: Thread started: Quarkus 2-51
2022-06-28 15:43:33,461 INFO o.a.j.t.JMeterThread: Thread started: Quarkus 2-52
2022-06-28 15:43:33,461 INFO o.a.j.t.JMeterThread: Thread started: Quarkus 2-50
2022-06-28 15:43:33,461 INFO o.a.j.t.JMeterThread: Thread started: Quarkus 2-53
2022-06-28 15:43:33,461 INFO o.a.j.t.JMeterThread: Thread started: Quarkus 2-55
2022-06-28 15:43:33,451 INFO o.a.j.t.JMeterThread: Thread started: Quarkus 2-54
2022-06-28 15:43:33,446 INFO o.a.j.t.JMeterThread: Thread started: Quarkus 2-57
2022-06-28 15:43:33,446 INFO o.a.j.t.JMeterThread: Thread started: Quarkus 2-56
2022-06-28 15:43:33,441 INFO o.a.j.t.JMeterThread: Thread started: Quarkus 2-67
2022-06-28 15:43:33,441 INFO o.a.j.t.JMeterThread: Thread started: Quarkus 2-68
2022-06-28 15:43:33,613 INFO o.a.j.t.JMeterThread: Thread started: Quarkus 2-32
2022-06-28 15:43:33,441 INFO o.a.j.t.JMeterThread: Thread started: Quarkus 2-71
2022-06-28 15:43:33,615 INFO o.a.j.t.JMeterThread: Thread started: Quarkus 2-33
2022-06-28 15:43:33,440 INFO o.a.j.t.JMeterThread: Thread started: Quarkus 2-72
2022-06-28 15:43:33,440 INFO o.a.j.t.JMeterThread: Thread started: Quarkus 2-75
2022-06-28 15:43:33,620 INFO o.a.j.t.JMeterThread: Thread started: Quarkus 2-18
2022-06-28 15:43:33,440 INFO o.a.j.t.JMeterThread: Thread started: Quarkus 2-76
2022-06-28 15:43:33,439 INFO o.a.j.t.JMeterThread: Thread started: Quarkus 2-79
2022-06-28 15:43:33,439 INFO o.a.j.t.JMeterThread: Thread started: Quarkus 2-80
2022-06-28 15:43:33,439 INFO o.a.j.t.JMeterThread: Thread started: Quarkus 2-83
2022-06-28 15:43:33,439 INFO o.a.j.t.JMeterThread: Thread started: Quarkus 2-84
2022-06-28 15:43:33,438 INFO o.a.j.t.JMeterThread: Thread started: Quarkus 2-87
2022-06-28 15:43:33,438 INFO o.a.j.t.JMeterThread: Thread started: Quarkus 2-88
2022-06-28 15:43:33,438 INFO o.a.j.t.JMeterThread: Thread started: Quarkus 2-91
2022-06-28 15:43:33,438 INFO o.a.j.t.JMeterThread: Thread started: Quarkus 2-92
2022-06-28 15:43:33,438 INFO o.a.j.t.JMeterThread: Thread started: Quarkus 2-95
2022-06-28 15:43:33,437 INFO o.a.j.t.JMeterThread: Thread started: Quarkus 2-96
2022-06-28 15:43:33,437 INFO o.a.j.t.JMeterThread: Thread started: Quarkus 2-99
2022-06-28 15:43:33,634 INFO o.a.j.t.JMeterThread: Thread started: Quarkus 2-31
2022-06-28 15:43:33,435 INFO o.a.j.t.JMeterThread: Thread started: Quarkus 2-100
2022-06-28 15:43:33,430 INFO o.a.j.t.JMeterThread: Thread started: Quarkus 2-61
2022-06-28 15:43:33,689 INFO o.a.j.t.JMeterThread: Thread started: Quarkus 2-35
2022-06-28 15:43:33,428 INFO o.a.j.t.JMeterThread: Thread started: Quarkus 2-65
2022-06-28 15:43:33,701 INFO o.a.j.t.JMeterThread: Thread started: Quarkus 2-41
2022-06-28 15:43:33,422 INFO o.a.j.t.JMeterThread: Thread started: Quarkus 2-66
2022-06-28 15:43:33,746 INFO o.a.j.t.JMeterThread: Thread started: Quarkus 2-38
2022-06-28 15:43:33,422 INFO o.a.j.t.JMeterThread: Thread started: Quarkus 2-69
2022-06-28 15:43:33,422 INFO o.a.j.t.JMeterThread: Thread started: Quarkus 2-70
2022-06-28 15:43:33,421 INFO o.a.j.t.JMeterThread: Thread started: Quarkus 2-73
2022-06-28 15:43:33,772 INFO o.a.j.t.JMeterThread: Thread started: Quarkus 2-36
2022-06-28 15:43:33,420 INFO o.a.j.t.JMeterThread: Thread started: Quarkus 2-74
2022-06-28 15:43:33,465 INFO o.a.j.t.JMeterThread: Thread started: Quarkus 2-42
2022-06-28 15:43:33,393 INFO o.a.j.t.JMeterThread: Thread started: Quarkus 2-85
2022-06-28 15:43:33,465 INFO o.a.j.t.JMeterThread: Thread started: Quarkus 2-45
2022-06-28 15:43:33,392 INFO o.a.j.t.JMeterThread: Thread started: Quarkus 2-89
2022-06-28 15:43:33,778 INFO o.a.j.t.JMeterThread: Thread started: Quarkus 2-27
2022-06-28 15:43:33,392 INFO o.a.j.t.JMeterThread: Thread started: Quarkus 2-86
2022-06-28 15:43:33,639 INFO o.a.j.t.JMeterThread: Thread started: Quarkus 2-34
2022-06-28 15:43:33,623 INFO o.a.j.t.JMeterThread: Thread started: Quarkus 2-30
2022-06-28 15:43:33,444 INFO o.a.j.t.JMeterThread: Thread started: Quarkus 2-58
2022-06-28 15:43:33,446 INFO o.a.j.t.JMeterThread: Thread started: Quarkus 2-59
2022-06-28 15:43:33,441 INFO o.a.j.t.JMeterThread: Thread started: Quarkus 2-60
2022-06-28 15:43:33,441 INFO o.a.j.t.JMeterThread: Thread started: Quarkus 2-64
2022-06-28 15:43:33,441 INFO o.a.j.t.JMeterThread: Thread started: Quarkus 2-63
2022-06-28 15:43:33,429 INFO o.a.j.t.JMeterThread: Thread started: Quarkus 2-62
2022-06-28 15:43:43,408 INFO o.a.j.t.JMeterThread: Thread is done: Quarkus 2-82
2022-06-28 15:43:43,409 INFO o.a.j.t.JMeterThread: Thread finished: Quarkus 2-82
2022-06-28 15:43:43,836 INFO o.a.j.t.JMeterThread: Thread is done: Quarkus 2-90
2022-06-28 15:43:43,837 INFO o.a.j.t.JMeterThread: Thread finished: Quarkus 2-90
2022-06-28 15:43:44,040 INFO o.a.j.t.JMeterThread: Thread is done: Quarkus 2-81
2022-06-28 15:43:44,040 INFO o.a.j.t.JMeterThread: Thread finished: Quarkus 2-81
2022-06-28 15:43:44,083 INFO o.a.j.t.JMeterThread: Thread is done: Quarkus 2-48
2022-06-28 15:43:44,083 INFO o.a.j.t.JMeterThread: Thread finished: Quarkus 2-48
2022-06-28 15:43:44,113 INFO o.a.j.t.JMeterThread: Thread is done: Quarkus 2-55
2022-06-28 15:43:44,113 INFO o.a.j.t.JMeterThread: Thread finished: Quarkus 2-55
2022-06-28 15:43:44,126 INFO o.a.j.t.JMeterThread: Thread is done: Quarkus 2-6
2022-06-28 15:43:44,126 INFO o.a.j.t.JMeterThread: Thread finished: Quarkus 2-6
2022-06-28 15:43:44,216 INFO o.a.j.t.JMeterThread: Thread is done: Quarkus 2-53
2022-06-28 15:43:44,217 INFO o.a.j.t.JMeterThread: Thread finished: Quarkus 2-53
2022-06-28 15:43:44,224 INFO o.a.j.t.JMeterThread: Thread is done: Quarkus 2-12
2022-06-28 15:43:44,224 INFO o.a.j.t.JMeterThread: Thread finished: Quarkus 2-12
2022-06-28 15:43:44,262 INFO o.a.j.t.JMeterThread: Thread is done: Quarkus 2-11
2022-06-28 15:43:44,262 INFO o.a.j.t.JMeterThread: Thread finished: Quarkus 2-11
2022-06-28 15:43:44,274 INFO o.a.j.t.JMeterThread: Thread is done: Quarkus 2-1
2022-06-28 15:43:44,274 INFO o.a.j.t.JMeterThread: Thread finished: Quarkus 2-1
2022-06-28 15:43:44,277 INFO o.a.j.t.JMeterThread: Thread is done: Quarkus 2-49
2022-06-28 15:43:44,277 INFO o.a.j.t.JMeterThread: Thread finished: Quarkus 2-49
2022-06-28 15:43:44,422 INFO o.a.j.t.JMeterThread: Thread is done: Quarkus 2-22
2022-06-28 15:43:44,422 INFO o.a.j.t.JMeterThread: Thread finished: Quarkus 2-22
2022-06-28 15:43:44,469 INFO o.a.j.t.JMeterThread: Thread is done: Quarkus 2-24
2022-06-28 15:43:44,471 INFO o.a.j.t.JMeterThread: Thread finished: Quarkus 2-24
2022-06-28 15:43:44,502 INFO o.a.j.t.JMeterThread: Thread is done: Quarkus 2-9
2022-06-28 15:43:44,503 INFO o.a.j.t.JMeterThread: Thread finished: Quarkus 2-9
2022-06-28 15:43:44,530 INFO o.a.j.t.JMeterThread: Thread is done: Quarkus 2-7
2022-06-28 15:43:44,530 INFO o.a.j.t.JMeterThread: Thread finished: Quarkus 2-7
2022-06-28 15:43:44,593 INFO o.a.j.t.JMeterThread: Thread is done: Quarkus 2-26
2022-06-28 15:43:44,593 INFO o.a.j.t.JMeterThread: Thread finished: Quarkus 2-26
2022-06-28 15:43:44,610 INFO o.a.j.t.JMeterThread: Thread is done: Quarkus 2-13
2022-06-28 15:43:44,611 INFO o.a.j.t.JMeterThread: Thread finished: Quarkus 2-13
2022-06-28 15:43:44,673 INFO o.a.j.t.JMeterThread: Thread is done: Quarkus 2-29
2022-06-28 15:43:44,673 INFO o.a.j.t.JMeterThread: Thread finished: Quarkus 2-29
2022-06-28 15:43:44,697 INFO o.a.j.t.JMeterThread: Thread is done: Quarkus 2-23
2022-06-28 15:43:44,698 INFO o.a.j.t.JMeterThread: Thread finished: Quarkus 2-23
2022-06-28 15:43:44,715 INFO o.a.j.t.JMeterThread: Thread is done: Quarkus 2-88
2022-06-28 15:43:44,715 INFO o.a.j.t.JMeterThread: Thread finished: Quarkus 2-88
2022-06-28 15:43:44,744 INFO o.a.j.t.JMeterThread: Thread is done: Quarkus 2-94
2022-06-28 15:43:44,744 INFO o.a.j.t.JMeterThread: Thread finished: Quarkus 2-94
2022-06-28 15:43:44,834 INFO o.a.j.t.JMeterThread: Thread is done: Quarkus 2-47
2022-06-28 15:43:44,835 INFO o.a.j.t.JMeterThread: Thread finished: Quarkus 2-47
2022-06-28 15:43:44,860 INFO o.a.j.t.JMeterThread: Thread is done: Quarkus 2-33
2022-06-28 15:43:44,861 INFO o.a.j.t.JMeterThread: Thread finished: Quarkus 2-33
2022-06-28 15:43:44,888 INFO o.a.j.t.JMeterThread: Thread is done: Quarkus 2-4
2022-06-28 15:43:44,888 INFO o.a.j.t.JMeterThread: Thread finished: Quarkus 2-4
2022-06-28 15:43:44,901 INFO o.a.j.t.JMeterThread: Thread is done: Quarkus 2-17
2022-06-28 15:43:44,902 INFO o.a.j.t.JMeterThread: Thread finished: Quarkus 2-17
2022-06-28 15:43:44,970 INFO o.a.j.t.JMeterThread: Thread is done: Quarkus 2-93
2022-06-28 15:43:44,970 INFO o.a.j.t.JMeterThread: Thread finished: Quarkus 2-93
2022-06-28 15:43:45,047 INFO o.a.j.t.JMeterThread: Thread is done: Quarkus 2-99
2022-06-28 15:43:45,047 INFO o.a.j.t.JMeterThread: Thread finished: Quarkus 2-99
2022-06-28 15:43:45,105 INFO o.a.j.t.JMeterThread: Thread is done: Quarkus 2-8
2022-06-28 15:43:45,105 INFO o.a.j.t.JMeterThread: Thread finished: Quarkus 2-8
2022-06-28 15:43:45,119 INFO o.a.j.t.JMeterThread: Thread is done: Quarkus 2-19
2022-06-28 15:43:45,119 INFO o.a.j.t.JMeterThread: Thread finished: Quarkus 2-19
2022-06-28 15:43:45,136 INFO o.a.j.t.JMeterThread: Thread is done: Quarkus 2-68
2022-06-28 15:43:45,137 INFO o.a.j.t.JMeterThread: Thread finished: Quarkus 2-68
2022-06-28 15:43:45,142 INFO o.a.j.t.JMeterThread: Thread is done: Quarkus 2-5
2022-06-28 15:43:45,142 INFO o.a.j.t.JMeterThread: Thread finished: Quarkus 2-5
2022-06-28 15:43:45,198 INFO o.a.j.t.JMeterThread: Thread is done: Quarkus 2-3
2022-06-28 15:43:45,198 INFO o.a.j.t.JMeterThread: Thread finished: Quarkus 2-3
2022-06-28 15:43:45,209 INFO o.a.j.t.JMeterThread: Thread is done: Quarkus 2-100
2022-06-28 15:43:45,209 INFO o.a.j.t.JMeterThread: Thread finished: Quarkus 2-100
2022-06-28 15:43:45,210 INFO o.a.j.t.JMeterThread: Thread is done: Quarkus 2-14
2022-06-28 15:43:45,210 INFO o.a.j.t.JMeterThread: Thread finished: Quarkus 2-14
2022-06-28 15:43:45,227 INFO o.a.j.t.JMeterThread: Thread is done: Quarkus 2-28
2022-06-28 15:43:45,227 INFO o.a.j.t.JMeterThread: Thread finished: Quarkus 2-28
2022-06-28 15:43:45,392 INFO o.a.j.t.JMeterThread: Thread is done: Quarkus 2-98
2022-06-28 15:43:45,392 INFO o.a.j.t.JMeterThread: Thread finished: Quarkus 2-98
2022-06-28 15:43:45,428 INFO o.a.j.t.JMeterThread: Thread is done: Quarkus 2-95
2022-06-28 15:43:45,429 INFO o.a.j.t.JMeterThread: Thread finished: Quarkus 2-95
2022-06-28 15:43:45,442 INFO o.a.j.t.JMeterThread: Thread is done: Quarkus 2-46
2022-06-28 15:43:45,442 INFO o.a.j.t.JMeterThread: Thread finished: Quarkus 2-46
2022-06-28 15:43:45,453 INFO o.a.j.t.JMeterThread: Thread is done: Quarkus 2-36
2022-06-28 15:43:45,453 INFO o.a.j.t.JMeterThread: Thread finished: Quarkus 2-36
2022-06-28 15:43:45,453 INFO o.a.j.t.JMeterThread: Thread is done: Quarkus 2-77
2022-06-28 15:43:45,454 INFO o.a.j.t.JMeterThread: Thread finished: Quarkus 2-77
2022-06-28 15:43:45,457 INFO o.a.j.t.JMeterThread: Thread is done: Quarkus 2-52
2022-06-28 15:43:45,457 INFO o.a.j.t.JMeterThread: Thread finished: Quarkus 2-52
2022-06-28 15:43:45,479 INFO o.a.j.t.JMeterThread: Thread is done: Quarkus 2-25
2022-06-28 15:43:45,479 INFO o.a.j.t.JMeterThread: Thread finished: Quarkus 2-25
2022-06-28 15:43:45,506 INFO o.a.j.t.JMeterThread: Thread is done: Quarkus 2-37
2022-06-28 15:43:45,506 INFO o.a.j.t.JMeterThread: Thread finished: Quarkus 2-37
2022-06-28 15:43:45,623 INFO o.a.j.t.JMeterThread: Thread is done: Quarkus 2-39
2022-06-28 15:43:45,624 INFO o.a.j.t.JMeterThread: Thread finished: Quarkus 2-39
2022-06-28 15:43:45,693 INFO o.a.j.t.JMeterThread: Thread is done: Quarkus 2-10
2022-06-28 15:43:45,693 INFO o.a.j.t.JMeterThread: Thread finished: Quarkus 2-10
2022-06-28 15:43:45,694 INFO o.a.j.t.JMeterThread: Thread is done: Quarkus 2-21
2022-06-28 15:43:45,694 INFO o.a.j.t.JMeterThread: Thread finished: Quarkus 2-21
2022-06-28 15:43:45,722 INFO o.a.j.t.JMeterThread: Thread is done: Quarkus 2-18
2022-06-28 15:43:45,723 INFO o.a.j.t.JMeterThread: Thread finished: Quarkus 2-18
2022-06-28 15:43:45,724 INFO o.a.j.t.JMeterThread: Thread is done: Quarkus 2-35
2022-06-28 15:43:45,724 INFO o.a.j.t.JMeterThread: Thread finished: Quarkus 2-35
2022-06-28 15:43:45,734 INFO o.a.j.t.JMeterThread: Thread is done: Quarkus 2-57
2022-06-28 15:43:45,734 INFO o.a.j.t.JMeterThread: Thread finished: Quarkus 2-57
2022-06-28 15:43:45,750 INFO o.a.j.t.JMeterThread: Thread is done: Quarkus 2-2
2022-06-28 15:43:45,751 INFO o.a.j.t.JMeterThread: Thread finished: Quarkus 2-2
2022-06-28 15:43:45,765 INFO o.a.j.t.JMeterThread: Thread is done: Quarkus 2-15
2022-06-28 15:43:45,766 INFO o.a.j.t.JMeterThread: Thread finished: Quarkus 2-15
2022-06-28 15:43:45,840 INFO o.a.j.t.JMeterThread: Thread is done: Quarkus 2-87
2022-06-28 15:43:45,841 INFO o.a.j.t.JMeterThread: Thread finished: Quarkus 2-87
2022-06-28 15:43:45,853 INFO o.a.j.t.JMeterThread: Thread is done: Quarkus 2-65
2022-06-28 15:43:45,853 INFO o.a.j.t.JMeterThread: Thread finished: Quarkus 2-65
2022-06-28 15:43:45,871 INFO o.a.j.t.JMeterThread: Thread is done: Quarkus 2-42
2022-06-28 15:43:45,871 INFO o.a.j.t.JMeterThread: Thread finished: Quarkus 2-42
2022-06-28 15:43:45,874 INFO o.a.j.t.JMeterThread: Thread is done: Quarkus 2-27
2022-06-28 15:43:45,875 INFO o.a.j.t.JMeterThread: Thread finished: Quarkus 2-27
2022-06-28 15:43:45,877 INFO o.a.j.t.JMeterThread: Thread is done: Quarkus 2-61
2022-06-28 15:43:45,877 INFO o.a.j.t.JMeterThread: Thread finished: Quarkus 2-61
2022-06-28 15:43:45,932 INFO o.a.j.t.JMeterThread: Thread is done: Quarkus 2-71
2022-06-28 15:43:45,932 INFO o.a.j.t.JMeterThread: Thread finished: Quarkus 2-71
2022-06-28 15:43:46,003 INFO o.a.j.t.JMeterThread: Thread is done: Quarkus 2-67
2022-06-28 15:43:46,003 INFO o.a.j.t.JMeterThread: Thread finished: Quarkus 2-67
2022-06-28 15:43:46,003 INFO o.a.j.t.JMeterThread: Thread is done: Quarkus 2-78
2022-06-28 15:43:46,003 INFO o.a.j.t.JMeterThread: Thread finished: Quarkus 2-78
2022-06-28 15:43:46,015 INFO o.a.j.t.JMeterThread: Thread is done: Quarkus 2-54
2022-06-28 15:43:46,015 INFO o.a.j.t.JMeterThread: Thread finished: Quarkus 2-54
2022-06-28 15:43:46,038 INFO o.a.j.t.JMeterThread: Thread is done: Quarkus 2-32
2022-06-28 15:43:46,038 INFO o.a.j.t.JMeterThread: Thread finished: Quarkus 2-32
2022-06-28 15:43:46,050 INFO o.a.j.t.JMeterThread: Thread is done: Quarkus 2-72
2022-06-28 15:43:46,050 INFO o.a.j.t.JMeterThread: Thread finished: Quarkus 2-72
2022-06-28 15:43:46,087 INFO o.a.j.t.JMeterThread: Thread is done: Quarkus 2-50
2022-06-28 15:43:46,087 INFO o.a.j.t.JMeterThread: Thread finished: Quarkus 2-50
2022-06-28 15:43:46,089 INFO o.a.j.t.JMeterThread: Thread is done: Quarkus 2-34
2022-06-28 15:43:46,090 INFO o.a.j.t.JMeterThread: Thread finished: Quarkus 2-34
2022-06-28 15:43:46,137 INFO o.a.j.t.JMeterThread: Thread is done: Quarkus 2-91
2022-06-28 15:43:46,137 INFO o.a.j.t.JMeterThread: Thread finished: Quarkus 2-91
2022-06-28 15:43:46,178 INFO o.a.j.t.JMeterThread: Thread is done: Quarkus 2-56
2022-06-28 15:43:46,178 INFO o.a.j.t.JMeterThread: Thread finished: Quarkus 2-56
2022-06-28 15:43:46,179 INFO o.a.j.t.JMeterThread: Thread is done: Quarkus 2-43
2022-06-28 15:43:46,180 INFO o.a.j.t.JMeterThread: Thread finished: Quarkus 2-43
2022-06-28 15:43:46,190 INFO o.a.j.t.JMeterThread: Thread is done: Quarkus 2-66
2022-06-28 15:43:46,190 INFO o.a.j.t.JMeterThread: Thread finished: Quarkus 2-66
2022-06-28 15:43:46,235 INFO o.a.j.t.JMeterThread: Thread is done: Quarkus 2-83
2022-06-28 15:43:46,236 INFO o.a.j.t.JMeterThread: Thread finished: Quarkus 2-83
2022-06-28 15:43:46,261 INFO o.a.j.t.JMeterThread: Thread is done: Quarkus 2-89
2022-06-28 15:43:46,261 INFO o.a.j.t.JMeterThread: Thread finished: Quarkus 2-89
2022-06-28 15:43:46,262 INFO o.a.j.t.JMeterThread: Thread is done: Quarkus 2-45
2022-06-28 15:43:46,262 INFO o.a.j.t.JMeterThread: Thread finished: Quarkus 2-45
2022-06-28 15:43:46,272 INFO o.a.j.t.JMeterThread: Thread is done: Quarkus 2-64
2022-06-28 15:43:46,272 INFO o.a.j.t.JMeterThread: Thread finished: Quarkus 2-64
2022-06-28 15:43:46,284 INFO o.a.j.t.JMeterThread: Thread is done: Quarkus 2-86
2022-06-28 15:43:46,284 INFO o.a.j.t.JMeterThread: Thread finished: Quarkus 2-86
2022-06-28 15:43:46,292 INFO o.a.j.t.JMeterThread: Thread is done: Quarkus 2-96
2022-06-28 15:43:46,292 INFO o.a.j.t.JMeterThread: Thread finished: Quarkus 2-96
2022-06-28 15:43:46,319 INFO o.a.j.t.JMeterThread: Thread is done: Quarkus 2-76
2022-06-28 15:43:46,319 INFO o.a.j.t.JMeterThread: Thread finished: Quarkus 2-76
2022-06-28 15:43:46,335 INFO o.a.j.t.JMeterThread: Thread is done: Quarkus 2-97
2022-06-28 15:43:46,335 INFO o.a.j.t.JMeterThread: Thread finished: Quarkus 2-97
2022-06-28 15:43:46,340 INFO o.a.j.t.JMeterThread: Thread is done: Quarkus 2-38
2022-06-28 15:43:46,340 INFO o.a.j.t.JMeterThread: Thread finished: Quarkus 2-38
2022-06-28 15:43:46,344 INFO o.a.j.t.JMeterThread: Thread is done: Quarkus 2-79
2022-06-28 15:43:46,345 INFO o.a.j.t.JMeterThread: Thread finished: Quarkus 2-79
2022-06-28 15:43:46,355 INFO o.a.j.t.JMeterThread: Thread is done: Quarkus 2-51
2022-06-28 15:43:46,355 INFO o.a.j.t.JMeterThread: Thread finished: Quarkus 2-51
2022-06-28 15:43:46,428 INFO o.a.j.t.JMeterThread: Thread is done: Quarkus 2-85
2022-06-28 15:43:46,428 INFO o.a.j.t.JMeterThread: Thread finished: Quarkus 2-85
2022-06-28 15:43:46,435 INFO o.a.j.t.JMeterThread: Thread is done: Quarkus 2-59
2022-06-28 15:43:46,435 INFO o.a.j.t.JMeterThread: Thread finished: Quarkus 2-59
2022-06-28 15:43:46,442 INFO o.a.j.t.JMeterThread: Thread is done: Quarkus 2-58
2022-06-28 15:43:46,442 INFO o.a.j.t.JMeterThread: Thread finished: Quarkus 2-58
2022-06-28 15:43:46,448 INFO o.a.j.t.JMeterThread: Thread is done: Quarkus 2-75
2022-06-28 15:43:46,448 INFO o.a.j.t.JMeterThread: Thread finished: Quarkus 2-75
2022-06-28 15:43:46,451 INFO o.a.j.t.JMeterThread: Thread is done: Quarkus 2-62
2022-06-28 15:43:46,451 INFO o.a.j.t.JMeterThread: Thread finished: Quarkus 2-62
2022-06-28 15:43:46,456 INFO o.a.j.t.JMeterThread: Thread is done: Quarkus 2-31
2022-06-28 15:43:46,456 INFO o.a.j.t.JMeterThread: Thread finished: Quarkus 2-31
2022-06-28 15:43:46,498 INFO o.a.j.t.JMeterThread: Thread is done: Quarkus 2-80
2022-06-28 15:43:46,499 INFO o.a.j.t.JMeterThread: Thread finished: Quarkus 2-80
2022-06-28 15:43:46,500 INFO o.a.j.t.JMeterThread: Thread is done: Quarkus 2-74
2022-06-28 15:43:46,500 INFO o.a.j.t.JMeterThread: Thread finished: Quarkus 2-74
2022-06-28 15:43:46,502 INFO o.a.j.t.JMeterThread: Thread is done: Quarkus 2-63
2022-06-28 15:43:46,502 INFO o.a.j.t.JMeterThread: Thread finished: Quarkus 2-63
2022-06-28 15:43:46,516 INFO o.a.j.t.JMeterThread: Thread is done: Quarkus 2-69
2022-06-28 15:43:46,516 INFO o.a.j.t.JMeterThread: Thread finished: Quarkus 2-69
2022-06-28 15:43:46,519 INFO o.a.j.t.JMeterThread: Thread is done: Quarkus 2-70
2022-06-28 15:43:46,529 INFO o.a.j.t.JMeterThread: Thread finished: Quarkus 2-70
2022-06-28 15:43:46,562 INFO o.a.j.t.JMeterThread: Thread is done: Quarkus 2-60
2022-06-28 15:43:46,562 INFO o.a.j.t.JMeterThread: Thread finished: Quarkus 2-60
2022-06-28 15:43:46,566 INFO o.a.j.t.JMeterThread: Thread is done: Quarkus 2-84
2022-06-28 15:43:46,566 INFO o.a.j.t.JMeterThread: Thread finished: Quarkus 2-84
2022-06-28 15:43:46,593 INFO o.a.j.t.JMeterThread: Thread is done: Quarkus 2-92
2022-06-28 15:43:46,593 INFO o.a.j.t.JMeterThread: Thread finished: Quarkus 2-92
2022-06-28 15:43:46,595 INFO o.a.j.t.JMeterThread: Thread is done: Quarkus 2-20
2022-06-28 15:43:46,595 INFO o.a.j.t.JMeterThread: Thread finished: Quarkus 2-20
2022-06-28 15:43:46,597 INFO o.a.j.t.JMeterThread: Thread is done: Quarkus 2-40
2022-06-28 15:43:46,597 INFO o.a.j.t.JMeterThread: Thread finished: Quarkus 2-40
2022-06-28 15:43:46,634 INFO o.a.j.t.JMeterThread: Thread is done: Quarkus 2-73
2022-06-28 15:43:46,634 INFO o.a.j.t.JMeterThread: Thread finished: Quarkus 2-73
2022-06-28 15:43:46,634 INFO o.a.j.t.JMeterThread: Thread is done: Quarkus 2-16
2022-06-28 15:43:46,634 INFO o.a.j.t.JMeterThread: Thread finished: Quarkus 2-16
2022-06-28 15:43:46,701 INFO o.a.j.t.JMeterThread: Thread is done: Quarkus 2-41
2022-06-28 15:43:46,701 INFO o.a.j.t.JMeterThread: Thread finished: Quarkus 2-41
2022-06-28 15:43:46,728 INFO o.a.j.t.JMeterThread: Thread is done: Quarkus 2-44
2022-06-28 15:43:46,728 INFO o.a.j.t.JMeterThread: Thread finished: Quarkus 2-44
2022-06-28 15:43:46,753 INFO o.a.j.t.JMeterThread: Thread is done: Quarkus 2-30
2022-06-28 15:43:46,754 INFO o.a.j.t.JMeterThread: Thread finished: Quarkus 2-30
2022-06-28 15:43:46,754 INFO o.a.j.e.StandardJMeterEngine: Starting ThreadGroup: 3 : Spring JPA
2022-06-28 15:43:46,754 INFO o.a.j.e.StandardJMeterEngine: Starting 100 threads for group Spring JPA.
2022-06-28 15:43:46,754 INFO o.a.j.e.StandardJMeterEngine: Thread will continue on error
2022-06-28 15:43:46,754 INFO o.a.j.t.ThreadGroup: Starting thread group... number=3 threads=100 ramp-up=0 delayedStart=true
2022-06-28 15:43:46,755 INFO o.a.j.t.ThreadGroup: Started thread group number 3
2022-06-28 15:43:46,755 INFO o.a.j.e.StandardJMeterEngine: All thread groups have been started
2022-06-28 15:43:46,756 INFO o.a.j.t.JMeterThread: Thread started: Spring JPA 3-1
2022-06-28 15:43:46,756 INFO o.a.j.t.JMeterThread: Thread started: Spring JPA 3-2
2022-06-28 15:43:46,756 INFO o.a.j.t.JMeterThread: Thread started: Spring JPA 3-3
2022-06-28 15:43:46,756 INFO o.a.j.t.JMeterThread: Thread started: Spring JPA 3-4
2022-06-28 15:43:46,761 INFO o.a.j.t.JMeterThread: Thread started: Spring JPA 3-5
2022-06-28 15:43:46,762 INFO o.a.j.t.JMeterThread: Thread started: Spring JPA 3-6
2022-06-28 15:43:46,764 INFO o.a.j.t.JMeterThread: Thread started: Spring JPA 3-7
2022-06-28 15:43:46,765 INFO o.a.j.t.JMeterThread: Thread started: Spring JPA 3-8
2022-06-28 15:43:46,768 INFO o.a.j.t.JMeterThread: Thread started: Spring JPA 3-10
2022-06-28 15:43:46,767 INFO o.a.j.t.JMeterThread: Thread started: Spring JPA 3-9
2022-06-28 15:43:46,770 INFO o.a.j.t.JMeterThread: Thread started: Spring JPA 3-11
2022-06-28 15:43:46,772 INFO o.a.j.t.JMeterThread: Thread started: Spring JPA 3-14
2022-06-28 15:43:46,772 INFO o.a.j.t.JMeterThread: Thread started: Spring JPA 3-12
2022-06-28 15:43:46,772 INFO o.a.j.t.JMeterThread: Thread started: Spring JPA 3-13
2022-06-28 15:43:46,776 INFO o.a.j.t.JMeterThread: Thread started: Spring JPA 3-15
2022-06-28 15:43:46,776 INFO o.a.j.t.JMeterThread: Thread started: Spring JPA 3-17
2022-06-28 15:43:46,776 INFO o.a.j.t.JMeterThread: Thread started: Spring JPA 3-16
2022-06-28 15:43:46,779 INFO o.a.j.t.JMeterThread: Thread started: Spring JPA 3-18
2022-06-28 15:43:46,784 INFO o.a.j.t.JMeterThread: Thread started: Spring JPA 3-21
2022-06-28 15:43:46,785 INFO o.a.j.t.JMeterThread: Thread started: Spring JPA 3-19
2022-06-28 15:43:46,785 INFO o.a.j.t.JMeterThread: Thread started: Spring JPA 3-20
2022-06-28 15:43:46,787 INFO o.a.j.t.JMeterThread: Thread started: Spring JPA 3-22
2022-06-28 15:43:46,792 INFO o.a.j.t.JMeterThread: Thread started: Spring JPA 3-26
2022-06-28 15:43:46,793 INFO o.a.j.t.JMeterThread: Thread started: Spring JPA 3-29
2022-06-28 15:43:46,800 INFO o.a.j.t.JMeterThread: Thread started: Spring JPA 3-23
2022-06-28 15:43:46,800 INFO o.a.j.t.JMeterThread: Thread started: Spring JPA 3-24
2022-06-28 15:43:46,801 INFO o.a.j.t.JMeterThread: Thread started: Spring JPA 3-25
2022-06-28 15:43:46,803 INFO o.a.j.t.JMeterThread: Thread started: Spring JPA 3-28
2022-06-28 15:43:46,805 INFO o.a.j.t.JMeterThread: Thread started: Spring JPA 3-30
2022-06-28 15:43:46,809 INFO o.a.j.t.JMeterThread: Thread started: Spring JPA 3-32
2022-06-28 15:43:46,809 INFO o.a.j.t.JMeterThread: Thread started: Spring JPA 3-33
2022-06-28 15:43:46,809 INFO o.a.j.t.JMeterThread: Thread started: Spring JPA 3-36
2022-06-28 15:43:46,810 INFO o.a.j.t.JMeterThread: Thread started: Spring JPA 3-27
2022-06-28 15:43:46,810 INFO o.a.j.t.JMeterThread: Thread started: Spring JPA 3-37
2022-06-28 15:43:46,811 INFO o.a.j.t.JMeterThread: Thread started: Spring JPA 3-34
2022-06-28 15:43:46,811 INFO o.a.j.t.JMeterThread: Thread started: Spring JPA 3-31
2022-06-28 15:43:46,812 INFO o.a.j.t.JMeterThread: Thread started: Spring JPA 3-35
2022-06-28 15:43:46,815 INFO o.a.j.t.JMeterThread: Thread started: Spring JPA 3-40
2022-06-28 15:43:46,817 INFO o.a.j.t.JMeterThread: Thread started: Spring JPA 3-38
2022-06-28 15:43:46,817 INFO o.a.j.t.JMeterThread: Thread started: Spring JPA 3-41
2022-06-28 15:43:46,817 INFO o.a.j.t.JMeterThread: Thread started: Spring JPA 3-44
2022-06-28 15:43:46,818 INFO o.a.j.t.JMeterThread: Thread started: Spring JPA 3-45
2022-06-28 15:43:46,820 INFO o.a.j.t.JMeterThread: Thread started: Spring JPA 3-39
2022-06-28 15:43:46,820 INFO o.a.j.t.JMeterThread: Thread started: Spring JPA 3-42
2022-06-28 15:43:46,823 INFO o.a.j.t.JMeterThread: Thread started: Spring JPA 3-43
2022-06-28 15:43:46,824 INFO o.a.j.t.JMeterThread: Thread started: Spring JPA 3-46
2022-06-28 15:43:46,824 INFO o.a.j.t.JMeterThread: Thread started: Spring JPA 3-47
2022-06-28 15:43:46,826 INFO o.a.j.t.JMeterThread: Thread started: Spring JPA 3-48
2022-06-28 15:43:46,831 INFO o.a.j.t.JMeterThread: Thread started: Spring JPA 3-49
2022-06-28 15:43:46,838 INFO o.a.j.t.JMeterThread: Thread started: Spring JPA 3-50
2022-06-28 15:43:46,838 INFO o.a.j.t.JMeterThread: Thread started: Spring JPA 3-51
2022-06-28 15:43:46,841 INFO o.a.j.t.JMeterThread: Thread started: Spring JPA 3-54
2022-06-28 15:43:46,843 INFO o.a.j.t.JMeterThread: Thread started: Spring JPA 3-55
2022-06-28 15:43:46,843 INFO o.a.j.t.JMeterThread: Thread started: Spring JPA 3-52
2022-06-28 15:43:46,845 INFO o.a.j.t.JMeterThread: Thread started: Spring JPA 3-53
2022-06-28 15:43:46,847 INFO o.a.j.t.JMeterThread: Thread started: Spring JPA 3-56
2022-06-28 15:43:46,851 INFO o.a.j.t.JMeterThread: Thread started: Spring JPA 3-57
2022-06-28 15:43:46,852 INFO o.a.j.t.JMeterThread: Thread started: Spring JPA 3-58
2022-06-28 15:43:46,854 INFO o.a.j.t.JMeterThread: Thread started: Spring JPA 3-59
2022-06-28 15:43:46,857 INFO o.a.j.t.JMeterThread: Thread started: Spring JPA 3-74
2022-06-28 15:43:46,859 INFO o.a.j.t.JMeterThread: Thread started: Spring JPA 3-62
2022-06-28 15:43:46,859 INFO o.a.j.t.JMeterThread: Thread started: Spring JPA 3-61
2022-06-28 15:43:46,859 INFO o.a.j.t.JMeterThread: Thread started: Spring JPA 3-63
2022-06-28 15:43:46,860 INFO o.a.j.t.JMeterThread: Thread started: Spring JPA 3-64
2022-06-28 15:43:46,860 INFO o.a.j.t.JMeterThread: Thread started: Spring JPA 3-65
2022-06-28 15:43:46,862 INFO o.a.j.t.JMeterThread: Thread started: Spring JPA 3-66
2022-06-28 15:43:46,867 INFO o.a.j.t.JMeterThread: Thread started: Spring JPA 3-79
2022-06-28 15:43:46,873 INFO o.a.j.t.JMeterThread: Thread started: Spring JPA 3-82
2022-06-28 15:43:46,874 INFO o.a.j.t.JMeterThread: Thread started: Spring JPA 3-67
2022-06-28 15:43:46,875 INFO o.a.j.t.JMeterThread: Thread started: Spring JPA 3-70
2022-06-28 15:43:46,876 INFO o.a.j.t.JMeterThread: Thread started: Spring JPA 3-71
2022-06-28 15:43:46,879 INFO o.a.j.t.JMeterThread: Thread started: Spring JPA 3-90
2022-06-28 15:43:46,884 INFO o.a.j.t.JMeterThread: Thread started: Spring JPA 3-72
2022-06-28 15:43:46,886 INFO o.a.j.t.JMeterThread: Thread started: Spring JPA 3-60
2022-06-28 15:43:46,889 INFO o.a.j.t.JMeterThread: Thread started: Spring JPA 3-99
2022-06-28 15:43:46,893 INFO o.a.j.t.JMeterThread: Thread started: Spring JPA 3-75
2022-06-28 15:43:46,898 INFO o.a.j.t.JMeterThread: Thread started: Spring JPA 3-78
2022-06-28 15:43:46,902 INFO o.a.j.t.JMeterThread: Thread started: Spring JPA 3-80
2022-06-28 15:43:46,903 INFO o.a.j.t.JMeterThread: Thread started: Spring JPA 3-83
2022-06-28 15:43:46,903 INFO o.a.j.t.JMeterThread: Thread started: Spring JPA 3-68
2022-06-28 15:43:46,904 INFO o.a.j.t.JMeterThread: Thread started: Spring JPA 3-69
2022-06-28 15:43:46,904 INFO o.a.j.t.JMeterThread: Thread started: Spring JPA 3-81
2022-06-28 15:43:46,904 INFO o.a.j.t.JMeterThread: Thread started: Spring JPA 3-84
2022-06-28 15:43:46,905 INFO o.a.j.t.JMeterThread: Thread started: Spring JPA 3-86
2022-06-28 15:43:46,905 INFO o.a.j.t.JMeterThread: Thread started: Spring JPA 3-85
2022-06-28 15:43:46,905 INFO o.a.j.t.JMeterThread: Thread started: Spring JPA 3-87
2022-06-28 15:43:46,907 INFO o.a.j.t.JMeterThread: Thread started: Spring JPA 3-91
2022-06-28 15:43:46,909 INFO o.a.j.t.JMeterThread: Thread started: Spring JPA 3-73
2022-06-28 15:43:46,909 INFO o.a.j.t.JMeterThread: Thread started: Spring JPA 3-94
2022-06-28 15:43:46,909 INFO o.a.j.t.JMeterThread: Thread started: Spring JPA 3-95
2022-06-28 15:43:46,916 INFO o.a.j.t.JMeterThread: Thread started: Spring JPA 3-98
2022-06-28 15:43:46,923 INFO o.a.j.t.JMeterThread: Thread started: Spring JPA 3-77
2022-06-28 15:43:46,924 INFO o.a.j.t.JMeterThread: Thread started: Spring JPA 3-76
2022-06-28 15:43:46,924 INFO o.a.j.t.JMeterThread: Thread started: Spring JPA 3-88
2022-06-28 15:43:46,925 INFO o.a.j.t.JMeterThread: Thread started: Spring JPA 3-89
2022-06-28 15:43:46,928 INFO o.a.j.t.JMeterThread: Thread started: Spring JPA 3-92
2022-06-28 15:43:46,930 INFO o.a.j.t.JMeterThread: Thread started: Spring JPA 3-93
2022-06-28 15:43:46,932 INFO o.a.j.t.JMeterThread: Thread started: Spring JPA 3-96
2022-06-28 15:43:46,932 INFO o.a.j.t.JMeterThread: Thread started: Spring JPA 3-100
2022-06-28 15:43:46,932 INFO o.a.j.t.JMeterThread: Thread started: Spring JPA 3-97
2022-06-28 15:44:00,168 INFO o.a.j.r.Summariser: summary +   1623 in 00:00:30 =   53.8/s Avg:  1483 Min:    35 Max:  8536 Err:     0 (0.00%) Active: 100 Started: 300 Finished: 200
2022-06-28 15:44:00,169 INFO o.a.j.r.Summariser: summary =   2151 in 00:00:34 =   62.8/s Avg:  1287 Min:    35 Max:  8536 Err:     0 (0.00%)
2022-06-28 15:44:30,081 INFO o.a.j.r.Summariser: summary +    378 in 00:00:30 =   12.6/s Avg:  7998 Min:   815 Max: 15009 Err:     0 (0.00%) Active: 100 Started: 300 Finished: 200
2022-06-28 15:44:30,082 INFO o.a.j.r.Summariser: summary =   2529 in 00:01:04 =   39.4/s Avg:  2290 Min:    35 Max: 15009 Err:     0 (0.00%)
2022-06-28 15:45:00,235 INFO o.a.j.r.Summariser: summary +    345 in 00:00:30 =   11.4/s Avg:  8518 Min:  8170 Max:  9277 Err:     0 (0.00%) Active: 100 Started: 300 Finished: 200
2022-06-28 15:45:00,236 INFO o.a.j.r.Summariser: summary =   2874 in 00:01:34 =   30.5/s Avg:  3037 Min:    35 Max: 15009 Err:     0 (0.00%)
2022-06-28 15:45:01,427 INFO o.a.j.t.JMeterThread: Thread is done: Spring JPA 3-85
2022-06-28 15:45:01,427 INFO o.a.j.t.JMeterThread: Thread finished: Spring JPA 3-85
2022-06-28 15:45:02,396 INFO o.a.j.t.JMeterThread: Thread is done: Spring JPA 3-82
2022-06-28 15:45:02,397 INFO o.a.j.t.JMeterThread: Thread finished: Spring JPA 3-82
2022-06-28 15:45:02,976 INFO o.a.j.t.JMeterThread: Thread is done: Spring JPA 3-20
2022-06-28 15:45:02,977 INFO o.a.j.t.JMeterThread: Thread finished: Spring JPA 3-20
2022-06-28 15:45:03,080 INFO o.a.j.t.JMeterThread: Thread is done: Spring JPA 3-19
2022-06-28 15:45:03,080 INFO o.a.j.t.JMeterThread: Thread finished: Spring JPA 3-19
2022-06-28 15:45:03,153 INFO o.a.j.t.JMeterThread: Thread is done: Spring JPA 3-15
2022-06-28 15:45:03,153 INFO o.a.j.t.JMeterThread: Thread finished: Spring JPA 3-15
2022-06-28 15:45:03,375 INFO o.a.j.t.JMeterThread: Thread is done: Spring JPA 3-10
2022-06-28 15:45:03,375 INFO o.a.j.t.JMeterThread: Thread finished: Spring JPA 3-10
2022-06-28 15:45:03,400 INFO o.a.j.t.JMeterThread: Thread is done: Spring JPA 3-12
2022-06-28 15:45:03,400 INFO o.a.j.t.JMeterThread: Thread finished: Spring JPA 3-12
2022-06-28 15:45:03,443 INFO o.a.j.t.JMeterThread: Thread is done: Spring JPA 3-22
2022-06-28 15:45:03,443 INFO o.a.j.t.JMeterThread: Thread finished: Spring JPA 3-22
2022-06-28 15:45:03,562 INFO o.a.j.t.JMeterThread: Thread is done: Spring JPA 3-5
2022-06-28 15:45:03,562 INFO o.a.j.t.JMeterThread: Thread finished: Spring JPA 3-5
2022-06-28 15:45:03,658 INFO o.a.j.t.JMeterThread: Thread is done: Spring JPA 3-7
2022-06-28 15:45:03,658 INFO o.a.j.t.JMeterThread: Thread finished: Spring JPA 3-7
2022-06-28 15:45:03,887 INFO o.a.j.t.JMeterThread: Thread is done: Spring JPA 3-14
2022-06-28 15:45:03,887 INFO o.a.j.t.JMeterThread: Thread finished: Spring JPA 3-14
2022-06-28 15:45:03,933 INFO o.a.j.t.JMeterThread: Thread is done: Spring JPA 3-16
2022-06-28 15:45:03,933 INFO o.a.j.t.JMeterThread: Thread finished: Spring JPA 3-16
2022-06-28 15:45:03,997 INFO o.a.j.t.JMeterThread: Thread is done: Spring JPA 3-2
2022-06-28 15:45:03,997 INFO o.a.j.t.JMeterThread: Thread finished: Spring JPA 3-2
2022-06-28 15:45:04,097 INFO o.a.j.t.JMeterThread: Thread is done: Spring JPA 3-3
2022-06-28 15:45:04,097 INFO o.a.j.t.JMeterThread: Thread finished: Spring JPA 3-3
2022-06-28 15:45:04,165 INFO o.a.j.t.JMeterThread: Thread is done: Spring JPA 3-11
2022-06-28 15:45:04,165 INFO o.a.j.t.JMeterThread: Thread finished: Spring JPA 3-11
2022-06-28 15:45:04,411 INFO o.a.j.t.JMeterThread: Thread is done: Spring JPA 3-17
2022-06-28 15:45:04,411 INFO o.a.j.t.JMeterThread: Thread finished: Spring JPA 3-17
2022-06-28 15:45:04,433 INFO o.a.j.t.JMeterThread: Thread is done: Spring JPA 3-1
2022-06-28 15:45:04,434 INFO o.a.j.t.JMeterThread: Thread finished: Spring JPA 3-1
2022-06-28 15:45:04,492 INFO o.a.j.t.JMeterThread: Thread is done: Spring JPA 3-21
2022-06-28 15:45:04,492 INFO o.a.j.t.JMeterThread: Thread finished: Spring JPA 3-21
2022-06-28 15:45:04,607 INFO o.a.j.t.JMeterThread: Thread is done: Spring JPA 3-25
2022-06-28 15:45:04,607 INFO o.a.j.t.JMeterThread: Thread finished: Spring JPA 3-25
2022-06-28 15:45:04,682 INFO o.a.j.t.JMeterThread: Thread is done: Spring JPA 3-9
2022-06-28 15:45:04,682 INFO o.a.j.t.JMeterThread: Thread finished: Spring JPA 3-9
2022-06-28 15:45:04,887 INFO o.a.j.t.JMeterThread: Thread is done: Spring JPA 3-4
2022-06-28 15:45:04,887 INFO o.a.j.t.JMeterThread: Thread finished: Spring JPA 3-4
2022-06-28 15:45:04,910 INFO o.a.j.t.JMeterThread: Thread is done: Spring JPA 3-6
2022-06-28 15:45:04,910 INFO o.a.j.t.JMeterThread: Thread finished: Spring JPA 3-6
2022-06-28 15:45:04,957 INFO o.a.j.t.JMeterThread: Thread is done: Spring JPA 3-24
2022-06-28 15:45:04,957 INFO o.a.j.t.JMeterThread: Thread finished: Spring JPA 3-24
2022-06-28 15:45:05,053 INFO o.a.j.t.JMeterThread: Thread is done: Spring JPA 3-18
2022-06-28 15:45:05,054 INFO o.a.j.t.JMeterThread: Thread finished: Spring JPA 3-18
2022-06-28 15:45:05,091 INFO o.a.j.t.JMeterThread: Thread is done: Spring JPA 3-23
2022-06-28 15:45:05,091 INFO o.a.j.t.JMeterThread: Thread finished: Spring JPA 3-23
2022-06-28 15:45:05,334 INFO o.a.j.t.JMeterThread: Thread is done: Spring JPA 3-28
2022-06-28 15:45:05,335 INFO o.a.j.t.JMeterThread: Thread finished: Spring JPA 3-28
2022-06-28 15:45:05,354 INFO o.a.j.t.JMeterThread: Thread is done: Spring JPA 3-13
2022-06-28 15:45:05,354 INFO o.a.j.t.JMeterThread: Thread finished: Spring JPA 3-13
2022-06-28 15:45:05,405 INFO o.a.j.t.JMeterThread: Thread is done: Spring JPA 3-30
2022-06-28 15:45:05,405 INFO o.a.j.t.JMeterThread: Thread finished: Spring JPA 3-30
2022-06-28 15:45:05,532 INFO o.a.j.t.JMeterThread: Thread is done: Spring JPA 3-40
2022-06-28 15:45:05,532 INFO o.a.j.t.JMeterThread: Thread finished: Spring JPA 3-40
2022-06-28 15:45:05,599 INFO o.a.j.t.JMeterThread: Thread is done: Spring JPA 3-29
2022-06-28 15:45:05,599 INFO o.a.j.t.JMeterThread: Thread finished: Spring JPA 3-29
2022-06-28 15:45:05,800 INFO o.a.j.t.JMeterThread: Thread is done: Spring JPA 3-43
2022-06-28 15:45:05,801 INFO o.a.j.t.JMeterThread: Thread finished: Spring JPA 3-43
2022-06-28 15:45:05,830 INFO o.a.j.t.JMeterThread: Thread is done: Spring JPA 3-8
2022-06-28 15:45:05,831 INFO o.a.j.t.JMeterThread: Thread finished: Spring JPA 3-8
2022-06-28 15:45:05,891 INFO o.a.j.t.JMeterThread: Thread is done: Spring JPA 3-48
2022-06-28 15:45:05,891 INFO o.a.j.t.JMeterThread: Thread finished: Spring JPA 3-48
2022-06-28 15:45:05,966 INFO o.a.j.t.JMeterThread: Thread is done: Spring JPA 3-39
2022-06-28 15:45:05,967 INFO o.a.j.t.JMeterThread: Thread finished: Spring JPA 3-39
2022-06-28 15:45:06,015 INFO o.a.j.t.JMeterThread: Thread is done: Spring JPA 3-41
2022-06-28 15:45:06,016 INFO o.a.j.t.JMeterThread: Thread finished: Spring JPA 3-41
2022-06-28 15:45:06,239 INFO o.a.j.t.JMeterThread: Thread is done: Spring JPA 3-46
2022-06-28 15:45:06,239 INFO o.a.j.t.JMeterThread: Thread finished: Spring JPA 3-46
2022-06-28 15:45:06,287 INFO o.a.j.t.JMeterThread: Thread is done: Spring JPA 3-47
2022-06-28 15:45:06,287 INFO o.a.j.t.JMeterThread: Thread finished: Spring JPA 3-47
2022-06-28 15:45:06,293 INFO o.a.j.t.JMeterThread: Thread is done: Spring JPA 3-45
2022-06-28 15:45:06,293 INFO o.a.j.t.JMeterThread: Thread finished: Spring JPA 3-45
2022-06-28 15:45:06,406 INFO o.a.j.t.JMeterThread: Thread is done: Spring JPA 3-35
2022-06-28 15:45:06,407 INFO o.a.j.t.JMeterThread: Thread finished: Spring JPA 3-35
2022-06-28 15:45:06,448 INFO o.a.j.t.JMeterThread: Thread is done: Spring JPA 3-36
2022-06-28 15:45:06,449 INFO o.a.j.t.JMeterThread: Thread finished: Spring JPA 3-36
2022-06-28 15:45:06,669 INFO o.a.j.t.JMeterThread: Thread is done: Spring JPA 3-31
2022-06-28 15:45:06,669 INFO o.a.j.t.JMeterThread: Thread finished: Spring JPA 3-31
2022-06-28 15:45:06,691 INFO o.a.j.t.JMeterThread: Thread is done: Spring JPA 3-27
2022-06-28 15:45:06,691 INFO o.a.j.t.JMeterThread: Thread finished: Spring JPA 3-27
2022-06-28 15:45:06,759 INFO o.a.j.t.JMeterThread: Thread is done: Spring JPA 3-34
2022-06-28 15:45:06,759 INFO o.a.j.t.JMeterThread: Thread finished: Spring JPA 3-34
2022-06-28 15:45:06,829 INFO o.a.j.t.JMeterThread: Thread is done: Spring JPA 3-33
2022-06-28 15:45:06,829 INFO o.a.j.t.JMeterThread: Thread finished: Spring JPA 3-33
2022-06-28 15:45:06,883 INFO o.a.j.t.JMeterThread: Thread is done: Spring JPA 3-26
2022-06-28 15:45:06,883 INFO o.a.j.t.JMeterThread: Thread finished: Spring JPA 3-26
2022-06-28 15:45:07,096 INFO o.a.j.t.JMeterThread: Thread is done: Spring JPA 3-55
2022-06-28 15:45:07,096 INFO o.a.j.t.JMeterThread: Thread finished: Spring JPA 3-55
2022-06-28 15:45:07,146 INFO o.a.j.t.JMeterThread: Thread is done: Spring JPA 3-37
2022-06-28 15:45:07,146 INFO o.a.j.t.JMeterThread: Thread finished: Spring JPA 3-37
2022-06-28 15:45:07,176 INFO o.a.j.t.JMeterThread: Thread is done: Spring JPA 3-32
2022-06-28 15:45:07,176 INFO o.a.j.t.JMeterThread: Thread finished: Spring JPA 3-32
2022-06-28 15:45:07,256 INFO o.a.j.t.JMeterThread: Thread is done: Spring JPA 3-50
2022-06-28 15:45:07,257 INFO o.a.j.t.JMeterThread: Thread finished: Spring JPA 3-50
2022-06-28 15:45:07,314 INFO o.a.j.t.JMeterThread: Thread is done: Spring JPA 3-52
2022-06-28 15:45:07,314 INFO o.a.j.t.JMeterThread: Thread finished: Spring JPA 3-52
2022-06-28 15:45:07,484 INFO o.a.j.t.JMeterThread: Thread is done: Spring JPA 3-58
2022-06-28 15:45:07,484 INFO o.a.j.t.JMeterThread: Thread finished: Spring JPA 3-58
2022-06-28 15:45:07,489 INFO o.a.j.t.JMeterThread: Thread is done: Spring JPA 3-56
2022-06-28 15:45:07,489 INFO o.a.j.t.JMeterThread: Thread finished: Spring JPA 3-56
2022-06-28 15:45:07,564 INFO o.a.j.t.JMeterThread: Thread is done: Spring JPA 3-74
2022-06-28 15:45:07,565 INFO o.a.j.t.JMeterThread: Thread finished: Spring JPA 3-74
2022-06-28 15:45:07,651 INFO o.a.j.t.JMeterThread: Thread is done: Spring JPA 3-53
2022-06-28 15:45:07,651 INFO o.a.j.t.JMeterThread: Thread finished: Spring JPA 3-53
2022-06-28 15:45:07,697 INFO o.a.j.t.JMeterThread: Thread is done: Spring JPA 3-63
2022-06-28 15:45:07,697 INFO o.a.j.t.JMeterThread: Thread finished: Spring JPA 3-63
2022-06-28 15:45:07,950 INFO o.a.j.t.JMeterThread: Thread is done: Spring JPA 3-51
2022-06-28 15:45:07,951 INFO o.a.j.t.JMeterThread: Thread finished: Spring JPA 3-51
2022-06-28 15:45:08,003 INFO o.a.j.t.JMeterThread: Thread is done: Spring JPA 3-38
2022-06-28 15:45:08,003 INFO o.a.j.t.JMeterThread: Thread finished: Spring JPA 3-38
2022-06-28 15:45:08,035 INFO o.a.j.t.JMeterThread: Thread is done: Spring JPA 3-54
2022-06-28 15:45:08,035 INFO o.a.j.t.JMeterThread: Thread finished: Spring JPA 3-54
2022-06-28 15:45:08,129 INFO o.a.j.t.JMeterThread: Thread is done: Spring JPA 3-49
2022-06-28 15:45:08,129 INFO o.a.j.t.JMeterThread: Thread finished: Spring JPA 3-49
2022-06-28 15:45:08,178 INFO o.a.j.t.JMeterThread: Thread is done: Spring JPA 3-59
2022-06-28 15:45:08,178 INFO o.a.j.t.JMeterThread: Thread finished: Spring JPA 3-59
2022-06-28 15:45:08,354 INFO o.a.j.t.JMeterThread: Thread is done: Spring JPA 3-44
2022-06-28 15:45:08,354 INFO o.a.j.t.JMeterThread: Thread finished: Spring JPA 3-44
2022-06-28 15:45:08,357 INFO o.a.j.t.JMeterThread: Thread is done: Spring JPA 3-42
2022-06-28 15:45:08,357 INFO o.a.j.t.JMeterThread: Thread finished: Spring JPA 3-42
2022-06-28 15:45:08,428 INFO o.a.j.t.JMeterThread: Thread is done: Spring JPA 3-57
2022-06-28 15:45:08,428 INFO o.a.j.t.JMeterThread: Thread finished: Spring JPA 3-57
2022-06-28 15:45:08,511 INFO o.a.j.t.JMeterThread: Thread is done: Spring JPA 3-91
2022-06-28 15:45:08,511 INFO o.a.j.t.JMeterThread: Thread finished: Spring JPA 3-91
2022-06-28 15:45:08,574 INFO o.a.j.t.JMeterThread: Thread is done: Spring JPA 3-94
2022-06-28 15:45:08,574 INFO o.a.j.t.JMeterThread: Thread finished: Spring JPA 3-94
2022-06-28 15:45:08,864 INFO o.a.j.t.JMeterThread: Thread is done: Spring JPA 3-86
2022-06-28 15:45:08,865 INFO o.a.j.t.JMeterThread: Thread finished: Spring JPA 3-86
2022-06-28 15:45:08,912 INFO o.a.j.t.JMeterThread: Thread is done: Spring JPA 3-69
2022-06-28 15:45:08,912 INFO o.a.j.t.JMeterThread: Thread finished: Spring JPA 3-69
2022-06-28 15:45:08,944 INFO o.a.j.t.JMeterThread: Thread is done: Spring JPA 3-84
2022-06-28 15:45:08,944 INFO o.a.j.t.JMeterThread: Thread finished: Spring JPA 3-84
2022-06-28 15:45:09,034 INFO o.a.j.t.JMeterThread: Thread is done: Spring JPA 3-78
2022-06-28 15:45:09,034 INFO o.a.j.t.JMeterThread: Thread finished: Spring JPA 3-78
2022-06-28 15:45:09,061 INFO o.a.j.t.JMeterThread: Thread is done: Spring JPA 3-83
2022-06-28 15:45:09,061 INFO o.a.j.t.JMeterThread: Thread finished: Spring JPA 3-83
2022-06-28 15:45:09,244 INFO o.a.j.t.JMeterThread: Thread is done: Spring JPA 3-72
2022-06-28 15:45:09,244 INFO o.a.j.t.JMeterThread: Thread finished: Spring JPA 3-72
2022-06-28 15:45:09,244 INFO o.a.j.t.JMeterThread: Thread is done: Spring JPA 3-80
2022-06-28 15:45:09,244 INFO o.a.j.t.JMeterThread: Thread finished: Spring JPA 3-80
2022-06-28 15:45:09,322 INFO o.a.j.t.JMeterThread: Thread is done: Spring JPA 3-99
2022-06-28 15:45:09,323 INFO o.a.j.t.JMeterThread: Thread finished: Spring JPA 3-99
2022-06-28 15:45:09,385 INFO o.a.j.t.JMeterThread: Thread is done: Spring JPA 3-67
2022-06-28 15:45:09,386 INFO o.a.j.t.JMeterThread: Thread finished: Spring JPA 3-67
2022-06-28 15:45:09,459 INFO o.a.j.t.JMeterThread: Thread is done: Spring JPA 3-90
2022-06-28 15:45:09,459 INFO o.a.j.t.JMeterThread: Thread finished: Spring JPA 3-90
2022-06-28 15:45:09,733 INFO o.a.j.t.JMeterThread: Thread is done: Spring JPA 3-66
2022-06-28 15:45:09,734 INFO o.a.j.t.JMeterThread: Thread finished: Spring JPA 3-66
2022-06-28 15:45:09,802 INFO o.a.j.t.JMeterThread: Thread is done: Spring JPA 3-65
2022-06-28 15:45:09,802 INFO o.a.j.t.JMeterThread: Thread finished: Spring JPA 3-65
2022-06-28 15:45:09,979 INFO o.a.j.t.JMeterThread: Thread is done: Spring JPA 3-62
2022-06-28 15:45:09,980 INFO o.a.j.t.JMeterThread: Thread finished: Spring JPA 3-62
2022-06-28 15:45:09,990 INFO o.a.j.t.JMeterThread: Thread is done: Spring JPA 3-95
2022-06-28 15:45:09,991 INFO o.a.j.t.JMeterThread: Thread finished: Spring JPA 3-95
2022-06-28 15:45:10,172 INFO o.a.j.t.JMeterThread: Thread is done: Spring JPA 3-98
2022-06-28 15:45:10,173 INFO o.a.j.t.JMeterThread: Thread finished: Spring JPA 3-98
2022-06-28 15:45:10,194 INFO o.a.j.t.JMeterThread: Thread is done: Spring JPA 3-60
2022-06-28 15:45:10,194 INFO o.a.j.t.JMeterThread: Thread finished: Spring JPA 3-60
2022-06-28 15:45:10,267 INFO o.a.j.t.JMeterThread: Thread is done: Spring JPA 3-87
2022-06-28 15:45:10,268 INFO o.a.j.t.JMeterThread: Thread finished: Spring JPA 3-87
2022-06-28 15:45:10,325 INFO o.a.j.t.JMeterThread: Thread is done: Spring JPA 3-68
2022-06-28 15:45:10,326 INFO o.a.j.t.JMeterThread: Thread finished: Spring JPA 3-68
2022-06-28 15:45:10,391 INFO o.a.j.t.JMeterThread: Thread is done: Spring JPA 3-79
2022-06-28 15:45:10,391 INFO o.a.j.t.JMeterThread: Thread finished: Spring JPA 3-79
2022-06-28 15:45:10,614 INFO o.a.j.t.JMeterThread: Thread is done: Spring JPA 3-75
2022-06-28 15:45:10,614 INFO o.a.j.t.JMeterThread: Thread finished: Spring JPA 3-75
2022-06-28 15:45:10,742 INFO o.a.j.t.JMeterThread: Thread is done: Spring JPA 3-81
2022-06-28 15:45:10,742 INFO o.a.j.t.JMeterThread: Thread finished: Spring JPA 3-81
2022-06-28 15:45:10,878 INFO o.a.j.t.JMeterThread: Thread is done: Spring JPA 3-70
2022-06-28 15:45:10,878 INFO o.a.j.t.JMeterThread: Thread finished: Spring JPA 3-70
2022-06-28 15:45:10,897 INFO o.a.j.t.JMeterThread: Thread is done: Spring JPA 3-71
2022-06-28 15:45:10,897 INFO o.a.j.t.JMeterThread: Thread finished: Spring JPA 3-71
2022-06-28 15:45:11,071 INFO o.a.j.t.JMeterThread: Thread is done: Spring JPA 3-73
2022-06-28 15:45:11,071 INFO o.a.j.t.JMeterThread: Thread finished: Spring JPA 3-73
2022-06-28 15:45:11,106 INFO o.a.j.t.JMeterThread: Thread is done: Spring JPA 3-64
2022-06-28 15:45:11,107 INFO o.a.j.t.JMeterThread: Thread finished: Spring JPA 3-64
2022-06-28 15:45:11,190 INFO o.a.j.t.JMeterThread: Thread is done: Spring JPA 3-77
2022-06-28 15:45:11,190 INFO o.a.j.t.JMeterThread: Thread finished: Spring JPA 3-77
2022-06-28 15:45:11,230 INFO o.a.j.t.JMeterThread: Thread is done: Spring JPA 3-93
2022-06-28 15:45:11,230 INFO o.a.j.t.JMeterThread: Thread finished: Spring JPA 3-93
2022-06-28 15:45:11,306 INFO o.a.j.t.JMeterThread: Thread is done: Spring JPA 3-100
2022-06-28 15:45:11,306 INFO o.a.j.t.JMeterThread: Thread finished: Spring JPA 3-100
2022-06-28 15:45:11,499 INFO o.a.j.t.JMeterThread: Thread is done: Spring JPA 3-96
2022-06-28 15:45:11,499 INFO o.a.j.t.JMeterThread: Thread finished: Spring JPA 3-96
2022-06-28 15:45:11,564 INFO o.a.j.t.JMeterThread: Thread is done: Spring JPA 3-76
2022-06-28 15:45:11,564 INFO o.a.j.t.JMeterThread: Thread finished: Spring JPA 3-76
2022-06-28 15:45:11,576 INFO o.a.j.t.JMeterThread: Thread is done: Spring JPA 3-97
2022-06-28 15:45:11,576 INFO o.a.j.t.JMeterThread: Thread finished: Spring JPA 3-97
2022-06-28 15:45:11,638 INFO o.a.j.t.JMeterThread: Thread is done: Spring JPA 3-88
2022-06-28 15:45:11,638 INFO o.a.j.t.JMeterThread: Thread finished: Spring JPA 3-88
2022-06-28 15:45:11,641 INFO o.a.j.t.JMeterThread: Thread is done: Spring JPA 3-89
2022-06-28 15:45:11,641 INFO o.a.j.t.JMeterThread: Thread finished: Spring JPA 3-89
2022-06-28 15:45:11,750 INFO o.a.j.t.JMeterThread: Thread is done: Spring JPA 3-61
2022-06-28 15:45:11,750 INFO o.a.j.t.JMeterThread: Thread finished: Spring JPA 3-61
2022-06-28 15:45:11,758 INFO o.a.j.t.JMeterThread: Thread is done: Spring JPA 3-92
2022-06-28 15:45:11,758 INFO o.a.j.t.JMeterThread: Thread finished: Spring JPA 3-92
2022-06-28 15:45:11,758 INFO o.a.j.e.StandardJMeterEngine: Notifying test listeners of end of test
2022-06-28 15:45:11,760 INFO o.a.j.r.Summariser: summary +    126 in 00:00:12 =   10.9/s Avg:  9517 Min:  1058 Max: 10083 Err:     0 (0.00%) Active: 0 Started: 300 Finished: 300
2022-06-28 15:45:11,760 INFO o.a.j.r.Summariser: summary =   3000 in 00:01:46 =   28.3/s Avg:  3309 Min:    35 Max: 15009 Err:     0 (0.00%)
2022-06-28 15:45:11,761 INFO o.a.j.JMeter: Generating Dashboard
2022-06-28 15:45:11,761 INFO o.a.j.r.d.ReportGenerator: Flushing result collector before report Generation
2022-06-28 15:45:11,776 INFO o.a.j.r.p.NormalizerSampleConsumer: Using format, 'ms', to parse timeStamp field
2022-06-28 15:45:12,427 INFO o.a.j.r.p.AbstractSampleConsumer: class org.apache.jmeter.report.processor.AggregateConsumer#stopProducing(): beginDate produced 0 samples
2022-06-28 15:45:12,427 INFO o.a.j.r.p.AbstractSampleConsumer: class org.apache.jmeter.report.processor.AggregateConsumer#stopProducing(): endDate produced 0 samples
2022-06-28 15:45:12,429 INFO o.a.j.r.p.AbstractSampleConsumer: class org.apache.jmeter.report.processor.ApdexSummaryConsumer#stopProducing(): apdexSummary produced 0 samples
2022-06-28 15:45:12,429 INFO o.a.j.r.p.AbstractSampleConsumer: class org.apache.jmeter.report.processor.RequestsSummaryConsumer#stopProducing(): requestsSummary produced 0 samples
2022-06-28 15:45:12,439 INFO o.a.j.r.p.AbstractSampleConsumer: class org.apache.jmeter.report.processor.StatisticsSummaryConsumer#stopProducing(): statisticsSummary produced 0 samples
2022-06-28 15:45:12,441 INFO o.a.j.r.p.AbstractSampleConsumer: class org.apache.jmeter.report.processor.Top5ErrorsBySamplerConsumer#stopProducing(): top5ErrorsBySampler produced 0 samples
2022-06-28 15:45:12,441 INFO o.a.j.r.p.AbstractSampleConsumer: class org.apache.jmeter.report.processor.ErrorsSummaryConsumer#stopProducing(): errorsSummary produced 0 samples
2022-06-28 15:45:12,441 INFO o.a.j.r.p.AbstractSampleConsumer: class org.apache.jmeter.report.processor.graph.impl.HitsPerSecondGraphConsumer#stopProducing(): hitsPerSecond produced 0 samples
2022-06-28 15:45:12,495 INFO o.a.j.r.p.AbstractSampleConsumer: class org.apache.jmeter.report.processor.graph.impl.LatencyVSRequestGraphConsumer#stopProducing(): latencyVsRequest produced 0 samples
2022-06-28 15:45:12,496 INFO o.a.j.r.p.AbstractSampleConsumer: class org.apache.jmeter.report.processor.graph.impl.SyntheticResponseTimeDistributionGraphConsumer#stopProducing(): syntheticResponseTimeDistribution produced 0 samples
2022-06-28 15:45:12,496 INFO o.a.j.r.p.AbstractSampleConsumer: class org.apache.jmeter.report.processor.graph.impl.BytesThroughputGraphConsumer#stopProducing(): bytesThroughputOverTime produced 0 samples
2022-06-28 15:45:12,497 INFO o.a.j.r.p.AbstractSampleConsumer: class org.apache.jmeter.report.processor.graph.impl.CodesPerSecondGraphConsumer#stopProducing(): codesPerSecond produced 0 samples
2022-06-28 15:45:12,528 INFO o.a.j.r.p.AbstractSampleConsumer: class org.apache.jmeter.report.processor.graph.impl.ResponseTimeVSRequestGraphConsumer#stopProducing(): responseTimeVsRequest produced 0 samples
2022-06-28 15:45:12,528 INFO o.a.j.r.p.AbstractSampleConsumer: class org.apache.jmeter.report.processor.FilterConsumer#stopProducing(): startIntervalControlerFilter produced 21000 samples
2022-06-28 15:45:12,528 INFO o.a.j.r.p.AbstractSampleConsumer: class org.apache.jmeter.report.processor.graph.impl.TotalTPSGraphConsumer#stopProducing(): totalTPS produced 0 samples
2022-06-28 15:45:12,529 INFO o.a.j.r.p.AbstractSampleConsumer: class org.apache.jmeter.report.processor.graph.impl.ActiveThreadsGraphConsumer#stopProducing(): activeThreadsOverTime produced 0 samples
2022-06-28 15:45:12,529 INFO o.a.j.r.p.AbstractSampleConsumer: class org.apache.jmeter.report.processor.graph.impl.TimeVSThreadGraphConsumer#stopProducing(): timeVsThreads produced 0 samples
2022-06-28 15:45:12,530 INFO o.a.j.r.p.AbstractSampleConsumer: class org.apache.jmeter.report.processor.graph.impl.ResponseTimeDistributionGraphConsumer#stopProducing(): responseTimeDistribution produced 0 samples
2022-06-28 15:45:12,530 INFO o.a.j.r.p.AbstractSampleConsumer: class org.apache.jmeter.report.processor.graph.impl.TransactionsPerSecondGraphConsumer#stopProducing(): transactionsPerSecond produced 0 samples
2022-06-28 15:45:12,530 INFO o.a.j.r.p.AbstractSampleConsumer: class org.apache.jmeter.report.processor.graph.impl.ResponseTimePercentilesGraphConsumer#stopProducing(): responseTimePercentiles produced 0 samples
2022-06-28 15:45:12,536 INFO o.a.j.r.p.AbstractSampleConsumer: class org.apache.jmeter.report.processor.graph.impl.ResponseTimePercentilesOverTimeGraphConsumer#stopProducing(): responseTimePercentilesOverTime produced 0 samples
2022-06-28 15:45:12,542 INFO o.a.j.r.p.AbstractSampleConsumer: class org.apache.jmeter.report.processor.graph.impl.ResponseTimeOverTimeGraphConsumer#stopProducing(): responseTimesOverTime produced 0 samples
2022-06-28 15:45:12,542 INFO o.a.j.r.p.AbstractSampleConsumer: class org.apache.jmeter.report.processor.graph.impl.ConnectTimeOverTimeGraphConsumer#stopProducing(): connectTimeOverTime produced 0 samples
2022-06-28 15:45:12,542 INFO o.a.j.r.p.AbstractSampleConsumer: class org.apache.jmeter.report.processor.graph.impl.LatencyOverTimeGraphConsumer#stopProducing(): latenciesOverTime produced 0 samples
2022-06-28 15:45:12,542 INFO o.a.j.r.p.AbstractSampleConsumer: class org.apache.jmeter.report.processor.FilterConsumer#stopProducing(): nameFilter produced 45000 samples
2022-06-28 15:45:12,543 INFO o.a.j.r.p.AbstractSampleConsumer: class org.apache.jmeter.report.processor.FilterConsumer#stopProducing(): dateRangeFilter produced 9000 samples
2022-06-28 15:45:12,543 INFO o.a.j.r.p.AbstractSampleConsumer: class org.apache.jmeter.report.processor.NormalizerSampleConsumer#stopProducing(): normalizer produced 3000 samples
2022-06-28 15:45:12,543 INFO o.a.j.r.p.CsvFileSampleSource: produce(): 3000 samples produced in 736ms on channel 0
2022-06-28 15:45:12,544 INFO o.a.j.r.d.ReportGenerator: Exporting data using exporter:'json' of className:'org.apache.jmeter.report.dashboard.JsonExporter'
2022-06-28 15:45:12,705 INFO o.a.j.r.d.JsonExporter: Found data for consumer statisticsSummaryin context
2022-06-28 15:45:12,705 INFO o.a.j.r.d.JsonExporter: Creating statistics for overall
2022-06-28 15:45:12,705 INFO o.a.j.r.d.JsonExporter: Creating statistics for other transactions
2022-06-28 15:45:12,706 INFO o.a.j.r.d.JsonExporter: Checking output folder
2022-06-28 15:45:12,707 INFO o.a.j.r.d.JsonExporter: Writing statistics JSON to C:\Users\jervilla\Desktop\Projects\java-reactive-demo\.\results\statistics.json
2022-06-28 15:45:12,754 INFO o.a.j.r.d.ReportGenerator: Exporting data using exporter:'html' of className:'org.apache.jmeter.report.dashboard.HtmlTemplateExporter'
2022-06-28 15:45:12,757 INFO o.a.j.r.d.HtmlTemplateExporter: Will generate dashboard in folder: C:\Users\jervilla\Desktop\Projects\java-reactive-demo\.\results
2022-06-28 15:45:12,904 INFO o.a.j.r.d.HtmlTemplateExporter: Report will be generated in: C:\Users\jervilla\Desktop\Projects\java-reactive-demo\.\results, creating folder structure
2022-06-28 15:45:12,908 INFO o.a.j.r.d.TemplateVisitor: Copying folder from 'C:\Program Files\apache-jmeter-5.4.3\bin\report-template' to 'C:\Users\jervilla\Desktop\Projects\java-reactive-demo\.\results', got message: C:\Users\jervilla\Desktop\Projects\java-reactive-demo\.\results, found non empty folder with following content [C:\Users\jervilla\Desktop\Projects\java-reactive-demo\.\results\statistics.json], will be ignored
2022-06-28 15:45:13,439 INFO o.a.j.JMeter: Dashboard generated
